{
  "stats": {
    "suites": 1,
    "tests": 7,
    "passes": 7,
    "pending": 0,
    "failures": 0,
    "testsRegistered": 7,
    "passPercent": 100,
    "pendingPercent": 0,
    "other": 0,
    "hasOther": false,
    "skipped": 0,
    "hasSkipped": false,
    "start": "2026-02-15T08:55:43.286Z",
    "end": "2026-02-15T08:56:03.042Z",
    "duration": 19756
  },
  "results": [
    {
      "uuid": "1a932040-e7fa-4c39-b0a3-81cf88f8202b",
      "title": "",
      "fullFile": "cypress\\e2e\\multipleActions1.cy.js",
      "file": "cypress\\e2e\\multipleActions1.cy.js",
      "beforeHooks": [],
      "afterHooks": [],
      "tests": [
        {
          "title": "Reading Files using Fixtures",
          "fullTitle": "Reading Files using Fixtures",
          "timedOut": null,
          "duration": 39,
          "state": "passed",
          "speed": "fast",
          "pass": true,
          "fail": false,
          "pending": false,
          "context": null,
          "code": "cy.fixture('example.json').then(data => {\n  cy.log(data.name);\n});",
          "err": {},
          "uuid": "d9ed12de-5b4c-417b-937b-9520d4335d3a",
          "parentUUID": "1a932040-e7fa-4c39-b0a3-81cf88f8202b",
          "isHook": false,
          "skipped": false
        },
        {
          "title": "Reading File using read File method",
          "fullTitle": "Reading File using read File method",
          "timedOut": null,
          "duration": 47,
          "state": "passed",
          "speed": "fast",
          "pass": true,
          "fail": false,
          "pending": false,
          "context": null,
          "code": "cy.readFile('./cypress/fixtures/example.json').then(data_read => {\n  cy.log(data_read.email);\n});",
          "err": {},
          "uuid": "e54c8c1b-44e5-4d26-931a-5519c5b7a9cd",
          "parentUUID": "1a932040-e7fa-4c39-b0a3-81cf88f8202b",
          "isHook": false,
          "skipped": false
        },
        {
          "title": "Writing some text in a File",
          "fullTitle": "Writing some text in a File",
          "timedOut": null,
          "duration": 25,
          "state": "passed",
          "speed": "fast",
          "pass": true,
          "fail": false,
          "pending": false,
          "context": null,
          "code": "cy.writeFile('./cypress/fixtures/written.txt', 'This is Akhila learning basic Cypress\\n Life is good and all is well. \\n I am joining a new company as a Lead QA Engineer on March 3rd 2026 with a pay of 170,000 CAD. \\r The position is fully remote and is very safe with all the benefits.');",
          "err": {},
          "uuid": "191b6e5b-2a75-478c-b70c-e93a925a3768",
          "parentUUID": "1a932040-e7fa-4c39-b0a3-81cf88f8202b",
          "isHook": false,
          "skipped": false
        },
        {
          "title": "Downloading files",
          "fullTitle": "Downloading files",
          "timedOut": null,
          "duration": 8548,
          "state": "passed",
          "speed": "medium",
          "pass": true,
          "fail": false,
          "pending": false,
          "context": null,
          "code": "cy.visit('https://testkru.com/Elements/Files');\nconst downloadsFolder = Cypress.config('downloadsFolder');\n// const fileName = 'plant_image.jpg';\n// const filePath = `${downloadsFolder}/${fileName}`;\n// 3. Click the button\ncy.contains('Download Now').click();\n// 4. Verify file exists in the folder\n// Note: It's best to allow a few seconds for the download to complete\ncy.readFile(`${downloadsFolder}/plant_image.jpg`, {\n  timeout: 10000\n}).should('exist');\ncy.wait(5000);\ncy.contains('File 1').click();\ncy.readFile(`${downloadsFolder}/codekru.png`, {\n  timeout: 10000\n}).should('exist');",
          "err": {},
          "uuid": "c51ef2d2-d465-4e87-93f6-a7ae3a53d1d0",
          "parentUUID": "1a932040-e7fa-4c39-b0a3-81cf88f8202b",
          "isHook": false,
          "skipped": false
        }
      ],
      "suites": [
        {
          "uuid": "8f84242b-7262-4cf7-bb97-5328dc45865f",
          "title": "File Upload",
          "fullFile": "",
          "file": "",
          "beforeHooks": [],
          "afterHooks": [],
          "tests": [
            {
              "title": "uploads multiple files",
              "fullTitle": "File Upload uploads multiple files",
              "timedOut": null,
              "duration": 564,
              "state": "passed",
              "speed": "fast",
              "pass": true,
              "fail": false,
              "pending": false,
              "context": null,
              "code": "// Visit the page with the file input\ncy.visit('https://testkru.com/Elements/Files');\n// Select the file input element and upload multiple files\ncy.get('input[id=\"multiFileUpload\"]').selectFile(['C:/Users/akhil/OneDrive/Pictures/Screenshots/Screenshot 2025-10-25 235119.png',\n// First file\n'C:/Users/akhil/OneDrive/Pictures/Screenshots/Screenshot 2025-10-25 234126.png' // Second file\n], {\n  action: 'select'\n} // or 'drag-drop'\n);\n// Optional: Assert that files are attached\n// cy.get('input[type=\"file\"]')[0].files.length.should('eq', 2);",
              "err": {},
              "uuid": "5866b4bd-eeed-4189-bbf2-3df93b0ee822",
              "parentUUID": "8f84242b-7262-4cf7-bb97-5328dc45865f",
              "isHook": false,
              "skipped": false
            },
            {
              "title": "uploads single file",
              "fullTitle": "File Upload uploads single file",
              "timedOut": null,
              "duration": 499,
              "state": "passed",
              "speed": "fast",
              "pass": true,
              "fail": false,
              "pending": false,
              "context": null,
              "code": "cy.visit('https://testkru.com/Elements/Files');\ncy.get('input[id=\"singleFileUpload\"]').selectFile('C:/Users/akhil/OneDrive/Pictures/Happy Diwali.jpeg', {\n  action: 'select'\n});\n// cy.get('input[id=\"singleFileUpload\"]').files.length.should('eq',1)",
              "err": {},
              "uuid": "1d4dcad8-077d-4f4a-8e0b-a166e180962e",
              "parentUUID": "8f84242b-7262-4cf7-bb97-5328dc45865f",
              "isHook": false,
              "skipped": false
            }
          ],
          "suites": [],
          "passes": [
            "5866b4bd-eeed-4189-bbf2-3df93b0ee822",
            "1d4dcad8-077d-4f4a-8e0b-a166e180962e"
          ],
          "failures": [],
          "pending": [],
          "skipped": [],
          "duration": 1063,
          "root": false,
          "rootEmpty": false,
          "_timeout": 2000
        },
        {
          "uuid": "9358b4bc-8c3e-4551-8a22-f2b5ba357e3c",
          "title": "Drag and Drop with Native Events",
          "fullFile": "",
          "file": "",
          "beforeHooks": [],
          "afterHooks": [],
          "tests": [
            {
              "title": "Mouse Events",
              "fullTitle": "Drag and Drop with Native Events Mouse Events",
              "timedOut": null,
              "duration": 5916,
              "state": "passed",
              "speed": "medium",
              "pass": true,
              "fail": false,
              "pending": false,
              "context": null,
              "code": "cy.wait(5000);\ncy.get('#box1').drag('#dropZone1');",
              "err": {},
              "uuid": "156777d0-3450-4c25-b20d-4bce0bcb3446",
              "parentUUID": "9358b4bc-8c3e-4551-8a22-f2b5ba357e3c",
              "isHook": false,
              "skipped": false
            }
          ],
          "suites": [],
          "passes": [
            "156777d0-3450-4c25-b20d-4bce0bcb3446"
          ],
          "failures": [],
          "pending": [],
          "skipped": [],
          "duration": 5916,
          "root": false,
          "rootEmpty": false,
          "_timeout": 2000
        }
      ],
      "passes": [
        "d9ed12de-5b4c-417b-937b-9520d4335d3a",
        "e54c8c1b-44e5-4d26-931a-5519c5b7a9cd",
        "191b6e5b-2a75-478c-b70c-e93a925a3768",
        "c51ef2d2-d465-4e87-93f6-a7ae3a53d1d0"
      ],
      "failures": [],
      "pending": [],
      "skipped": [],
      "duration": 8659,
      "root": true,
      "rootEmpty": false,
      "_timeout": 2000
    }
  ],
  "meta": {
    "mocha": {
      "version": "7.2.0"
    },
    "mochawesome": {
      "options": {
        "quiet": false,
        "reportFilename": "mochawesome",
        "saveHtml": false,
        "saveJson": true,
        "consoleReporter": "spec",
        "useInlineDiffs": false,
        "code": true
      },
      "version": "7.1.4"
    },
    "marge": {
      "options": {
        "charts": true,
        "overwrite": false,
        "html": false,
        "json": true,
        "reportDir": "cypress/reports/2026-02-15_02-55-33",
        "reportFilename": "mochawesome",
        "testIsolation": false
      },
      "version": "6.3.2"
    }
  }
}