{
  "stats": {
    "suites": 1,
    "tests": 2,
    "passes": 2,
    "pending": 0,
    "failures": 0,
    "start": "2026-02-16T08:49:52.007Z",
    "end": "2026-02-16T08:49:57.500Z",
    "duration": 5493,
    "testsRegistered": 2,
    "passPercent": 100,
    "pendingPercent": 0,
    "other": 0,
    "hasOther": false,
    "skipped": 0,
    "hasSkipped": false
  },
  "results": [
    {
      "uuid": "e563f6cc-27bb-4e0d-9d17-0618b7d7d61d",
      "title": "",
      "fullFile": "cypress\\e2e\\fileUpload.cy.js",
      "file": "cypress\\e2e\\fileUpload.cy.js",
      "beforeHooks": [],
      "afterHooks": [],
      "tests": [],
      "suites": [
        {
          "uuid": "9f34125d-113f-406f-bedc-9c37b60b43f8",
          "title": "File Upload",
          "fullFile": "",
          "file": "",
          "beforeHooks": [],
          "afterHooks": [],
          "tests": [
            {
              "title": "uploads multiple files",
              "fullTitle": "File Upload uploads multiple files",
              "timedOut": null,
              "duration": 1992,
              "state": "passed",
              "speed": "fast",
              "pass": true,
              "fail": false,
              "pending": false,
              "context": null,
              "code": "// Visit the page with the file input\ncy.visit('https://testkru.com/Elements/Files');\n// Select the file input element and upload multiple files\ncy.get('input[id=\"multiFileUpload\"]').selectFile(['C:/Users/akhil/OneDrive/Pictures/Screenshots/Screenshot 2025-10-25 235119.png',\n// First file\n'C:/Users/akhil/OneDrive/Pictures/Screenshots/Screenshot 2025-10-25 234126.png' // Second file\n], {\n  action: 'select'\n}); // or 'drag-drop'",
              "err": {},
              "uuid": "fefb90de-bf9e-4fda-9b90-d069639857e2",
              "parentUUID": "9f34125d-113f-406f-bedc-9c37b60b43f8",
              "isHook": false,
              "skipped": false
            },
            {
              "title": "uploads single file",
              "fullTitle": "File Upload uploads single file",
              "timedOut": null,
              "duration": 685,
              "state": "passed",
              "speed": "fast",
              "pass": true,
              "fail": false,
              "pending": false,
              "context": null,
              "code": "cy.visit('https://testkru.com/Elements/Files');\ncy.get('input[id=\"singleFileUpload\"]').selectFile('C:/Users/akhil/OneDrive/Pictures/Happy Diwali.jpeg', {\n  action: 'select'\n});\n// cy.get('input[id=\"singleFileUpload\"]').files.length.should('eq',1)",
              "err": {},
              "uuid": "036fc55b-8c71-445c-9e11-b2584080e687",
              "parentUUID": "9f34125d-113f-406f-bedc-9c37b60b43f8",
              "isHook": false,
              "skipped": false
            }
          ],
          "suites": [],
          "passes": [
            "fefb90de-bf9e-4fda-9b90-d069639857e2",
            "036fc55b-8c71-445c-9e11-b2584080e687"
          ],
          "failures": [],
          "pending": [],
          "skipped": [],
          "duration": 2677,
          "root": false,
          "rootEmpty": false,
          "_timeout": 2000
        }
      ],
      "passes": [],
      "failures": [],
      "pending": [],
      "skipped": [],
      "duration": 0,
      "root": true,
      "rootEmpty": true,
      "_timeout": 2000
    }
  ],
  "meta": {
    "mocha": {
      "version": "7.2.0"
    },
    "mochawesome": {
      "options": {
        "quiet": false,
        "reportFilename": "mochawesome",
        "saveHtml": false,
        "saveJson": true,
        "consoleReporter": "spec",
        "useInlineDiffs": false,
        "code": true
      },
      "version": "7.1.4"
    },
    "marge": {
      "options": {
        "charts": true,
        "overwrite": false,
        "html": false,
        "json": true,
        "reportDir": "cypress/reports/2026-02-16_02-49-07",
        "reportFilename": "mochawesome",
        "testIsolation": false
      },
      "version": "6.3.2"
    }
  }
}