{
  "stats": {
    "suites": 1,
    "tests": 3,
    "passes": 3,
    "pending": 0,
    "failures": 0,
    "start": "2026-02-16T08:49:48.411Z",
    "end": "2026-02-16T08:49:48.739Z",
    "duration": 328,
    "testsRegistered": 3,
    "passPercent": 100,
    "pendingPercent": 0,
    "other": 0,
    "hasOther": false,
    "skipped": 0,
    "hasSkipped": false
  },
  "results": [
    {
      "uuid": "e9170626-17b2-46c0-a397-18d66051e329",
      "title": "",
      "fullFile": "cypress\\e2e\\fileHandling.cy.js",
      "file": "cypress\\e2e\\fileHandling.cy.js",
      "beforeHooks": [],
      "afterHooks": [],
      "tests": [],
      "suites": [
        {
          "uuid": "6f7d0b0e-5f7f-44bb-9ca9-8df4d2bb1ae1",
          "title": "File Handling in Cypress",
          "fullFile": "",
          "file": "",
          "beforeHooks": [],
          "afterHooks": [],
          "tests": [
            {
              "title": "Reading Files using Fixtures",
              "fullTitle": "File Handling in Cypress Reading Files using Fixtures",
              "timedOut": null,
              "duration": 109,
              "state": "passed",
              "speed": "fast",
              "pass": true,
              "fail": false,
              "pending": false,
              "context": null,
              "code": "cy.fixture('example.json').then(data => {\n  cy.log(data.name);\n});",
              "err": {},
              "uuid": "94432fce-b5d9-4fc9-ad2c-2bf1be2a5e26",
              "parentUUID": "6f7d0b0e-5f7f-44bb-9ca9-8df4d2bb1ae1",
              "isHook": false,
              "skipped": false
            },
            {
              "title": "Reading File using read File method",
              "fullTitle": "File Handling in Cypress Reading File using read File method",
              "timedOut": null,
              "duration": 64,
              "state": "passed",
              "speed": "fast",
              "pass": true,
              "fail": false,
              "pending": false,
              "context": null,
              "code": "cy.readFile('./cypress/fixtures/example.json').then(data_read => {\n  cy.log(data_read.email);\n});",
              "err": {},
              "uuid": "c975a941-05e1-4f33-aa86-548c3877c788",
              "parentUUID": "6f7d0b0e-5f7f-44bb-9ca9-8df4d2bb1ae1",
              "isHook": false,
              "skipped": false
            },
            {
              "title": "Writing some text in a File",
              "fullTitle": "File Handling in Cypress Writing some text in a File",
              "timedOut": null,
              "duration": 50,
              "state": "passed",
              "speed": "fast",
              "pass": true,
              "fail": false,
              "pending": false,
              "context": null,
              "code": "cy.writeFile('./cypress/fixtures/written.txt', 'This is Akhila learning basic Cypress\\n Life is good and all is well. \\n I am joining a new company as a Lead QA Engineer on March 3rd 2026 with a pay of 170,000 CAD. \\r The position is fully remote and is very safe with all the benefits.');",
              "err": {},
              "uuid": "a08009e2-770b-4f66-8372-1d9d0ad7163e",
              "parentUUID": "6f7d0b0e-5f7f-44bb-9ca9-8df4d2bb1ae1",
              "isHook": false,
              "skipped": false
            }
          ],
          "suites": [],
          "passes": [
            "94432fce-b5d9-4fc9-ad2c-2bf1be2a5e26",
            "c975a941-05e1-4f33-aa86-548c3877c788",
            "a08009e2-770b-4f66-8372-1d9d0ad7163e"
          ],
          "failures": [],
          "pending": [],
          "skipped": [],
          "duration": 223,
          "root": false,
          "rootEmpty": false,
          "_timeout": 2000
        }
      ],
      "passes": [],
      "failures": [],
      "pending": [],
      "skipped": [],
      "duration": 0,
      "root": true,
      "rootEmpty": true,
      "_timeout": 2000
    }
  ],
  "meta": {
    "mocha": {
      "version": "7.2.0"
    },
    "mochawesome": {
      "options": {
        "quiet": false,
        "reportFilename": "mochawesome",
        "saveHtml": false,
        "saveJson": true,
        "consoleReporter": "spec",
        "useInlineDiffs": false,
        "code": true
      },
      "version": "7.1.4"
    },
    "marge": {
      "options": {
        "charts": true,
        "overwrite": false,
        "html": false,
        "json": true,
        "reportDir": "cypress/reports/2026-02-16_02-49-07",
        "reportFilename": "mochawesome",
        "testIsolation": false
      },
      "version": "6.3.2"
    }
  }
}