{
  "stats": {
    "suites": 1,
    "tests": 3,
    "passes": 3,
    "pending": 0,
    "failures": 0,
    "start": "2026-02-16T08:49:49.078Z",
    "end": "2026-02-16T08:49:49.283Z",
    "duration": 205,
    "testsRegistered": 3,
    "passPercent": 100,
    "pendingPercent": 0,
    "other": 0,
    "hasOther": false,
    "skipped": 0,
    "hasSkipped": false
  },
  "results": [
    {
      "uuid": "7e583415-f26f-47fd-ac55-240ed0cfcb8e",
      "title": "",
      "fullFile": "cypress\\e2e\\fileHandling.cy.js",
      "file": "cypress\\e2e\\fileHandling.cy.js",
      "beforeHooks": [],
      "afterHooks": [],
      "tests": [],
      "suites": [
        {
          "uuid": "a3163398-768f-40fa-b159-ed3e5480cb5c",
          "title": "File Handling in Cypress",
          "fullFile": "",
          "file": "",
          "beforeHooks": [],
          "afterHooks": [],
          "tests": [
            {
              "title": "Reading Files using Fixtures",
              "fullTitle": "File Handling in Cypress Reading Files using Fixtures",
              "timedOut": null,
              "duration": 76,
              "state": "passed",
              "speed": "fast",
              "pass": true,
              "fail": false,
              "pending": false,
              "context": null,
              "code": "cy.fixture('example.json').then(data => {\n  cy.log(data.name);\n});",
              "err": {},
              "uuid": "469823b6-6077-4c09-a2f7-8fdac87152b3",
              "parentUUID": "a3163398-768f-40fa-b159-ed3e5480cb5c",
              "isHook": false,
              "skipped": false
            },
            {
              "title": "Reading File using read File method",
              "fullTitle": "File Handling in Cypress Reading File using read File method",
              "timedOut": null,
              "duration": 45,
              "state": "passed",
              "speed": "fast",
              "pass": true,
              "fail": false,
              "pending": false,
              "context": null,
              "code": "cy.readFile('./cypress/fixtures/example.json').then(data_read => {\n  cy.log(data_read.email);\n});",
              "err": {},
              "uuid": "4b111600-8dd2-41d6-8a2d-0f4a56166634",
              "parentUUID": "a3163398-768f-40fa-b159-ed3e5480cb5c",
              "isHook": false,
              "skipped": false
            },
            {
              "title": "Writing some text in a File",
              "fullTitle": "File Handling in Cypress Writing some text in a File",
              "timedOut": null,
              "duration": 20,
              "state": "passed",
              "speed": "fast",
              "pass": true,
              "fail": false,
              "pending": false,
              "context": null,
              "code": "cy.writeFile('./cypress/fixtures/written.txt', 'This is Akhila learning basic Cypress\\n Life is good and all is well. \\n I am joining a new company as a Lead QA Engineer on March 3rd 2026 with a pay of 170,000 CAD. \\r The position is fully remote and is very safe with all the benefits.');",
              "err": {},
              "uuid": "48384996-d11c-423c-9d48-288b1deb2842",
              "parentUUID": "a3163398-768f-40fa-b159-ed3e5480cb5c",
              "isHook": false,
              "skipped": false
            }
          ],
          "suites": [],
          "passes": [
            "469823b6-6077-4c09-a2f7-8fdac87152b3",
            "4b111600-8dd2-41d6-8a2d-0f4a56166634",
            "48384996-d11c-423c-9d48-288b1deb2842"
          ],
          "failures": [],
          "pending": [],
          "skipped": [],
          "duration": 141,
          "root": false,
          "rootEmpty": false,
          "_timeout": 2000
        }
      ],
      "passes": [],
      "failures": [],
      "pending": [],
      "skipped": [],
      "duration": 0,
      "root": true,
      "rootEmpty": true,
      "_timeout": 2000
    }
  ],
  "meta": {
    "mocha": {
      "version": "7.2.0"
    },
    "mochawesome": {
      "options": {
        "quiet": false,
        "reportFilename": "mochawesome",
        "saveHtml": false,
        "saveJson": true,
        "consoleReporter": "spec",
        "useInlineDiffs": false,
        "code": true
      },
      "version": "7.1.4"
    },
    "marge": {
      "options": {
        "charts": true,
        "overwrite": false,
        "html": false,
        "json": true,
        "reportDir": "cypress/reports/2026-02-16_02-49-07",
        "reportFilename": "mochawesome",
        "testIsolation": false
      },
      "version": "6.3.2"
    }
  }
}