{
  "stats": {
    "suites": 1,
    "tests": 1,
    "passes": 1,
    "pending": 0,
    "failures": 0,
    "start": "2026-02-16T08:49:35.419Z",
    "end": "2026-02-16T08:49:45.237Z",
    "duration": 9818,
    "testsRegistered": 1,
    "passPercent": 100,
    "pendingPercent": 0,
    "other": 0,
    "hasOther": false,
    "skipped": 0,
    "hasSkipped": false
  },
  "results": [
    {
      "uuid": "42cd1577-4f0c-4ad6-9ace-737c3f9c068d",
      "title": "",
      "fullFile": "cypress\\e2e\\fileDragAndDrop.cy.js",
      "file": "cypress\\e2e\\fileDragAndDrop.cy.js",
      "beforeHooks": [],
      "afterHooks": [],
      "tests": [],
      "suites": [
        {
          "uuid": "7d12d23f-0aee-44e1-95fe-c1cd00a4321f",
          "title": "Drag and Drop with Native Events",
          "fullFile": "",
          "file": "",
          "beforeHooks": [],
          "afterHooks": [],
          "tests": [
            {
              "title": "Mouse Events",
              "fullTitle": "Drag and Drop with Native Events Mouse Events",
              "timedOut": null,
              "duration": 7169,
              "state": "passed",
              "speed": "medium",
              "pass": true,
              "fail": false,
              "pending": false,
              "context": null,
              "code": "cy.wait(5000);\ncy.get('#box1').drag('#dropZone1');",
              "err": {},
              "uuid": "598a39de-e0c0-4d18-b8a4-9a11b1b4ad79",
              "parentUUID": "7d12d23f-0aee-44e1-95fe-c1cd00a4321f",
              "isHook": false,
              "skipped": false
            }
          ],
          "suites": [],
          "passes": [
            "598a39de-e0c0-4d18-b8a4-9a11b1b4ad79"
          ],
          "failures": [],
          "pending": [],
          "skipped": [],
          "duration": 7169,
          "root": false,
          "rootEmpty": false,
          "_timeout": 2000
        }
      ],
      "passes": [],
      "failures": [],
      "pending": [],
      "skipped": [],
      "duration": 0,
      "root": true,
      "rootEmpty": true,
      "_timeout": 2000
    }
  ],
  "meta": {
    "mocha": {
      "version": "7.2.0"
    },
    "mochawesome": {
      "options": {
        "quiet": false,
        "reportFilename": "mochawesome",
        "saveHtml": false,
        "saveJson": true,
        "consoleReporter": "spec",
        "useInlineDiffs": false,
        "code": true
      },
      "version": "7.1.4"
    },
    "marge": {
      "options": {
        "charts": true,
        "overwrite": false,
        "html": false,
        "json": true,
        "reportDir": "cypress/reports/2026-02-16_02-49-07",
        "reportFilename": "mochawesome",
        "testIsolation": false
      },
      "version": "6.3.2"
    }
  }
}