{
  "stats": {
    "suites": 0,
    "tests": 1,
    "passes": 1,
    "pending": 0,
    "failures": 0,
    "start": "2026-02-16T08:49:17.336Z",
    "end": "2026-02-16T08:49:32.044Z",
    "duration": 14708,
    "testsRegistered": 1,
    "passPercent": 100,
    "pendingPercent": 0,
    "other": 0,
    "hasOther": false,
    "skipped": 0,
    "hasSkipped": false
  },
  "results": [
    {
      "uuid": "e4f3c095-f71b-4b4a-936a-7dc32f313722",
      "title": "",
      "fullFile": "cypress\\e2e\\fileDownload.cy.js",
      "file": "cypress\\e2e\\fileDownload.cy.js",
      "beforeHooks": [],
      "afterHooks": [],
      "tests": [
        {
          "title": "Downloading files",
          "fullTitle": "Downloading files",
          "timedOut": null,
          "duration": 9655,
          "state": "passed",
          "speed": "medium",
          "pass": true,
          "fail": false,
          "pending": false,
          "context": null,
          "code": "cy.visit('https://testkru.com/Elements/Files');\nconst downloadsFolder = Cypress.config('downloadsFolder');\n// const fileName = 'plant_image.jpg';\n// const filePath = `${downloadsFolder}/${fileName}`;\n// 3. Click the button\ncy.contains('Download Now').click();\n// 4. Verify file exists in the folder\n// Note: It's best to allow a few seconds for the download to complete\ncy.readFile(`${downloadsFolder}/plant_image.jpg`, {\n  timeout: 10000\n}).should('exist');\ncy.wait(5000);\ncy.contains('File 1').click();\ncy.readFile(`${downloadsFolder}/codekru.png`, {\n  timeout: 10000\n}).should('exist');",
          "err": {},
          "uuid": "8a6c7d88-339e-4331-8ac9-28cc55527a33",
          "parentUUID": "e4f3c095-f71b-4b4a-936a-7dc32f313722",
          "isHook": false,
          "skipped": false
        }
      ],
      "suites": [],
      "passes": [
        "8a6c7d88-339e-4331-8ac9-28cc55527a33"
      ],
      "failures": [],
      "pending": [],
      "skipped": [],
      "duration": 9655,
      "root": true,
      "rootEmpty": false,
      "_timeout": 2000
    }
  ],
  "meta": {
    "mocha": {
      "version": "7.2.0"
    },
    "mochawesome": {
      "options": {
        "quiet": false,
        "reportFilename": "mochawesome",
        "saveHtml": false,
        "saveJson": true,
        "consoleReporter": "spec",
        "useInlineDiffs": false,
        "code": true
      },
      "version": "7.1.4"
    },
    "marge": {
      "options": {
        "charts": true,
        "overwrite": false,
        "html": false,
        "json": true,
        "reportDir": "cypress/reports/2026-02-16_02-49-07",
        "reportFilename": "mochawesome",
        "testIsolation": false
      },
      "version": "6.3.2"
    }
  }
}