{
  "stats": {
    "suites": 58,
    "tests": 430,
    "passes": 406,
    "pending": 0,
    "failures": 24,
    "testsRegistered": 430,
    "passPercent": 94.4186046511628,
    "pendingPercent": 0,
    "other": 0,
    "hasOther": false,
    "skipped": 0,
    "hasSkipped": false,
    "start": "2026-02-15T07:20:52.251Z",
    "end": "2026-02-16T04:44:37.612Z",
    "duration": 77025361
  },
  "results": [
    {
      "uuid": "b84216cf-284f-4b20-b829-1e0367613ac5",
      "title": "",
      "fullFile": "cypress\\e2e\\multipleActions.cy.js",
      "file": "cypress\\e2e\\multipleActions.cy.js",
      "beforeHooks": [],
      "afterHooks": [],
      "tests": [
        {
          "title": "Reading Files using Fixtures",
          "fullTitle": "Reading Files using Fixtures",
          "timedOut": null,
          "duration": 44,
          "state": "passed",
          "speed": "fast",
          "pass": true,
          "fail": false,
          "pending": false,
          "context": null,
          "code": "cy.fixture('example.json').then(data => {\n  cy.log(data.name);\n});",
          "err": {},
          "uuid": "dd46c672-8523-4242-baa7-816b88f1f4dd",
          "parentUUID": "b84216cf-284f-4b20-b829-1e0367613ac5",
          "isHook": false,
          "skipped": false
        },
        {
          "title": "Reading File using read File method",
          "fullTitle": "Reading File using read File method",
          "timedOut": null,
          "duration": 50,
          "state": "passed",
          "speed": "fast",
          "pass": true,
          "fail": false,
          "pending": false,
          "context": null,
          "code": "cy.readFile('./cypress/fixtures/example.json').then(data_read => {\n  cy.log(data_read.email);\n});",
          "err": {},
          "uuid": "c3f26184-9632-40b6-b29e-49f8ddc9dca7",
          "parentUUID": "b84216cf-284f-4b20-b829-1e0367613ac5",
          "isHook": false,
          "skipped": false
        },
        {
          "title": "Writing some text in a File",
          "fullTitle": "Writing some text in a File",
          "timedOut": null,
          "duration": 25,
          "state": "passed",
          "speed": "fast",
          "pass": true,
          "fail": false,
          "pending": false,
          "context": null,
          "code": "cy.writeFile('./cypress/fixtures/written.txt', 'This is Akhila learning basic Cypress\\n Life is good and all is well. \\n I am joining a new company as a Lead QA Engineer on March 3rd 2026 with a pay of 170,000 CAD. \\r The position is fully remote and is very safe with all the benefits.');",
          "err": {},
          "uuid": "987d809b-c7d8-47c9-9c71-6a71700d6c85",
          "parentUUID": "b84216cf-284f-4b20-b829-1e0367613ac5",
          "isHook": false,
          "skipped": false
        },
        {
          "title": "Downloading files",
          "fullTitle": "Downloading files",
          "timedOut": null,
          "duration": 11491,
          "state": "passed",
          "speed": "slow",
          "pass": true,
          "fail": false,
          "pending": false,
          "context": null,
          "code": "cy.visit('https://testkru.com/Elements/Files');\nconst downloadsFolder = Cypress.config('downloadsFolder');\n// const fileName = 'plant_image.jpg';\n// const filePath = `${downloadsFolder}/${fileName}`;\n// 3. Click the button\ncy.contains('Download Now').click();\n// 4. Verify file exists in the folder\n// Note: It's best to allow a few seconds for the download to complete\ncy.readFile(`${downloadsFolder}/plant_image.jpg`, {\n  timeout: 10000\n}).should('exist');\ncy.wait(5000);\ncy.contains('File 1').click();\ncy.readFile(`${downloadsFolder}/codekru.png`, {\n  timeout: 10000\n}).should('exist');",
          "err": {},
          "uuid": "337434c6-2c1b-46a6-a571-3799fb449c3b",
          "parentUUID": "b84216cf-284f-4b20-b829-1e0367613ac5",
          "isHook": false,
          "skipped": false
        }
      ],
      "suites": [
        {
          "uuid": "44019fe8-66d6-40ee-b3fc-1e847cc27e31",
          "title": "File Upload",
          "fullFile": "",
          "file": "",
          "beforeHooks": [],
          "afterHooks": [],
          "tests": [
            {
              "title": "uploads multiple files",
              "fullTitle": "File Upload uploads multiple files",
              "timedOut": null,
              "duration": 751,
              "state": "passed",
              "speed": "fast",
              "pass": true,
              "fail": false,
              "pending": false,
              "context": null,
              "code": "// Visit the page with the file input\ncy.visit('https://testkru.com/Elements/Files');\n// Select the file input element and upload multiple files\ncy.get('input[id=\"multiFileUpload\"]').selectFile(['C:/Users/akhil/OneDrive/Pictures/Screenshots/Screenshot 2025-10-25 235119.png',\n// First file\n'C:/Users/akhil/OneDrive/Pictures/Screenshots/Screenshot 2025-10-25 234126.png' // Second file\n], {\n  action: 'select'\n} // or 'drag-drop'\n);\n// Optional: Assert that files are attached\n// cy.get('input[type=\"file\"]')[0].files.length.should('eq', 2);",
              "err": {},
              "uuid": "714dfd1e-bf10-4c7e-b2a2-4b1158b985ec",
              "parentUUID": "44019fe8-66d6-40ee-b3fc-1e847cc27e31",
              "isHook": false,
              "skipped": false
            },
            {
              "title": "uploads single file",
              "fullTitle": "File Upload uploads single file",
              "timedOut": null,
              "duration": 608,
              "state": "passed",
              "speed": "fast",
              "pass": true,
              "fail": false,
              "pending": false,
              "context": null,
              "code": "cy.visit('https://testkru.com/Elements/Files');\ncy.get('input[id=\"singleFileUpload\"]').selectFile('C:/Users/akhil/OneDrive/Pictures/Happy Diwali.jpeg', {\n  action: 'select'\n});\n// cy.get('input[id=\"singleFileUpload\"]').files.length.should('eq',1)",
              "err": {},
              "uuid": "3bd80a5f-50f3-495f-9f71-2995596bbd7b",
              "parentUUID": "44019fe8-66d6-40ee-b3fc-1e847cc27e31",
              "isHook": false,
              "skipped": false
            }
          ],
          "suites": [],
          "passes": [
            "714dfd1e-bf10-4c7e-b2a2-4b1158b985ec",
            "3bd80a5f-50f3-495f-9f71-2995596bbd7b"
          ],
          "failures": [],
          "pending": [],
          "skipped": [],
          "duration": 1359,
          "root": false,
          "rootEmpty": false,
          "_timeout": 2000
        },
        {
          "uuid": "83c68d1a-92ba-4437-bd4f-49b11cc8d80c",
          "title": "Drag and Drop with Native Events",
          "fullFile": "",
          "file": "",
          "beforeHooks": [],
          "afterHooks": [],
          "tests": [
            {
              "title": "Mouse Events",
              "fullTitle": "Drag and Drop with Native Events Mouse Events",
              "timedOut": null,
              "duration": 5836,
              "state": "passed",
              "speed": "medium",
              "pass": true,
              "fail": false,
              "pending": false,
              "context": null,
              "code": "cy.wait(5000);\ncy.get('#box1').drag('#dropZone1');",
              "err": {},
              "uuid": "f298fee0-a5bd-467e-8834-c2be6e037b4d",
              "parentUUID": "83c68d1a-92ba-4437-bd4f-49b11cc8d80c",
              "isHook": false,
              "skipped": false
            },
            {
              "title": "should drag item to target",
              "fullTitle": "Drag and Drop with Native Events should drag item to target",
              "timedOut": null,
              "duration": 2550,
              "state": "failed",
              "speed": null,
              "pass": false,
              "fail": true,
              "pending": false,
              "context": null,
              "code": "cy.visit('https://testkru.com/Interactions/DragAndDrop');\ntriggerDragAndDrop('#box2', '#dropZone1');",
              "err": {
                "message": "TypeError: The following error originated from your application code, not from Cypress.\n\n  > Cannot read properties of undefined (reading 'getData')\n\nWhen Cypress detects uncaught errors originating from your application it will automatically fail the current test.\n\nThis behavior is configurable, and you can choose to turn this off by listening to the `uncaught:exception` event.\n\nhttps://on.cypress.io/uncaught-exception-from-application",
                "estack": "TypeError: The following error originated from your application code, not from Cypress.\n\n  > Cannot read properties of undefined (reading 'getData')\n\nWhen Cypress detects uncaught errors originating from your application it will automatically fail the current test.\n\nThis behavior is configurable, and you can choose to turn this off by listening to the `uncaught:exception` event.\n\nhttps://on.cypress.io/uncaught-exception-from-application\n    at dragEnd (https://testkru.com/Interactions/DragAndDrop:245:50)\n    at HTMLDivElement.ondragend (https://testkru.com/Interactions/DragAndDrop:194:106)\n    at dispatch (https://testkru.com/__cypress/runner/cypress_runner.js:117142:17)\n    at onReady (https://testkru.com/__cypress/runner/cypress_runner.js:117248:20)\n    at runAllChecks (https://testkru.com/__cypress/runner/cypress_runner.js:115564:14)\n    at retryActionability (https://testkru.com/__cypress/runner/cypress_runner.js:115586:16)\n    at tryCatcher (https://testkru.com/__cypress/runner/cypress_runner.js:1777:23)\n    at Promise.attempt.Promise.try (https://testkru.com/__cypress/runner/cypress_runner.js:4285:29)\n    at whenStable (https://testkru.com/__cypress/runner/cypress_runner.js:152023:68)\n    at <unknown> (https://testkru.com/__cypress/runner/cypress_runner.js:151964:14)",
                "diff": null
              },
              "uuid": "70553066-e9ac-40d4-af64-338422d7b288",
              "parentUUID": "83c68d1a-92ba-4437-bd4f-49b11cc8d80c",
              "isHook": false,
              "skipped": false
            }
          ],
          "suites": [],
          "passes": [
            "f298fee0-a5bd-467e-8834-c2be6e037b4d"
          ],
          "failures": [
            "70553066-e9ac-40d4-af64-338422d7b288"
          ],
          "pending": [],
          "skipped": [],
          "duration": 8386,
          "root": false,
          "rootEmpty": false,
          "_timeout": 2000
        }
      ],
      "passes": [
        "dd46c672-8523-4242-baa7-816b88f1f4dd",
        "c3f26184-9632-40b6-b29e-49f8ddc9dca7",
        "987d809b-c7d8-47c9-9c71-6a71700d6c85",
        "337434c6-2c1b-46a6-a571-3799fb449c3b"
      ],
      "failures": [],
      "pending": [],
      "skipped": [],
      "duration": 11610,
      "root": true,
      "rootEmpty": false,
      "_timeout": 2000
    },
    {
      "uuid": "1a3133aa-8b7d-49ae-9bbb-8280c455c2ff",
      "title": "",
      "fullFile": "cypress\\e2e\\multipleActions1.cy.js",
      "file": "cypress\\e2e\\multipleActions1.cy.js",
      "beforeHooks": [],
      "afterHooks": [],
      "tests": [
        {
          "title": "Reading Files using Fixtures",
          "fullTitle": "Reading Files using Fixtures",
          "timedOut": null,
          "duration": 41,
          "state": "passed",
          "speed": "fast",
          "pass": true,
          "fail": false,
          "pending": false,
          "context": null,
          "code": "cy.fixture('example.json').then(data => {\n  cy.log(data.name);\n});",
          "err": {},
          "uuid": "f722f046-43fb-42f7-b2b0-8138dbd7ac68",
          "parentUUID": "1a3133aa-8b7d-49ae-9bbb-8280c455c2ff",
          "isHook": false,
          "skipped": false
        },
        {
          "title": "Reading File using read File method",
          "fullTitle": "Reading File using read File method",
          "timedOut": null,
          "duration": 46,
          "state": "passed",
          "speed": "fast",
          "pass": true,
          "fail": false,
          "pending": false,
          "context": null,
          "code": "cy.readFile('./cypress/fixtures/example.json').then(data_read => {\n  cy.log(data_read.email);\n});",
          "err": {},
          "uuid": "13cb55d5-dc43-4dc6-83fe-8cadac7c3c5e",
          "parentUUID": "1a3133aa-8b7d-49ae-9bbb-8280c455c2ff",
          "isHook": false,
          "skipped": false
        },
        {
          "title": "Writing some text in a File",
          "fullTitle": "Writing some text in a File",
          "timedOut": null,
          "duration": 23,
          "state": "passed",
          "speed": "fast",
          "pass": true,
          "fail": false,
          "pending": false,
          "context": null,
          "code": "cy.writeFile('./cypress/fixtures/written.txt', 'This is Akhila learning basic Cypress\\n Life is good and all is well. \\n I am joining a new company as a Lead QA Engineer on March 3rd 2026 with a pay of 170,000 CAD. \\r The position is fully remote and is very safe with all the benefits.');",
          "err": {},
          "uuid": "71159d29-58d7-49f9-8259-9e4b86369b7c",
          "parentUUID": "1a3133aa-8b7d-49ae-9bbb-8280c455c2ff",
          "isHook": false,
          "skipped": false
        },
        {
          "title": "Downloading files",
          "fullTitle": "Downloading files",
          "timedOut": null,
          "duration": 11529,
          "state": "passed",
          "speed": "slow",
          "pass": true,
          "fail": false,
          "pending": false,
          "context": null,
          "code": "cy.visit('https://testkru.com/Elements/Files');\nconst downloadsFolder = Cypress.config('downloadsFolder');\n// const fileName = 'plant_image.jpg';\n// const filePath = `${downloadsFolder}/${fileName}`;\n// 3. Click the button\ncy.contains('Download Now').click();\n// 4. Verify file exists in the folder\n// Note: It's best to allow a few seconds for the download to complete\ncy.readFile(`${downloadsFolder}/plant_image.jpg`, {\n  timeout: 10000\n}).should('exist');\ncy.wait(5000);\ncy.contains('File 1').click();\ncy.readFile(`${downloadsFolder}/codekru.png`, {\n  timeout: 10000\n}).should('exist');",
          "err": {},
          "uuid": "a3e69133-c108-4628-8d45-1dd19969ac1c",
          "parentUUID": "1a3133aa-8b7d-49ae-9bbb-8280c455c2ff",
          "isHook": false,
          "skipped": false
        }
      ],
      "suites": [
        {
          "uuid": "b722c092-dccd-4e6a-adce-4ce392fad10a",
          "title": "File Upload",
          "fullFile": "",
          "file": "",
          "beforeHooks": [],
          "afterHooks": [],
          "tests": [
            {
              "title": "uploads multiple files",
              "fullTitle": "File Upload uploads multiple files",
              "timedOut": null,
              "duration": 514,
              "state": "passed",
              "speed": "fast",
              "pass": true,
              "fail": false,
              "pending": false,
              "context": null,
              "code": "// Visit the page with the file input\ncy.visit('https://testkru.com/Elements/Files');\n// Select the file input element and upload multiple files\ncy.get('input[id=\"multiFileUpload\"]').selectFile(['C:/Users/akhil/OneDrive/Pictures/Screenshots/Screenshot 2025-10-25 235119.png',\n// First file\n'C:/Users/akhil/OneDrive/Pictures/Screenshots/Screenshot 2025-10-25 234126.png' // Second file\n], {\n  action: 'select'\n} // or 'drag-drop'\n);\n// Optional: Assert that files are attached\n// cy.get('input[type=\"file\"]')[0].files.length.should('eq', 2);",
              "err": {},
              "uuid": "8c29e7ac-e53f-4e38-bb99-7189789d4774",
              "parentUUID": "b722c092-dccd-4e6a-adce-4ce392fad10a",
              "isHook": false,
              "skipped": false
            },
            {
              "title": "uploads single file",
              "fullTitle": "File Upload uploads single file",
              "timedOut": null,
              "duration": 469,
              "state": "passed",
              "speed": "fast",
              "pass": true,
              "fail": false,
              "pending": false,
              "context": null,
              "code": "cy.visit('https://testkru.com/Elements/Files');\ncy.get('input[id=\"singleFileUpload\"]').selectFile('C:/Users/akhil/OneDrive/Pictures/Happy Diwali.jpeg', {\n  action: 'select'\n});\n// cy.get('input[id=\"singleFileUpload\"]').files.length.should('eq',1)",
              "err": {},
              "uuid": "60d570d7-32ed-40c1-8b51-52f49d6763ab",
              "parentUUID": "b722c092-dccd-4e6a-adce-4ce392fad10a",
              "isHook": false,
              "skipped": false
            }
          ],
          "suites": [],
          "passes": [
            "8c29e7ac-e53f-4e38-bb99-7189789d4774",
            "60d570d7-32ed-40c1-8b51-52f49d6763ab"
          ],
          "failures": [],
          "pending": [],
          "skipped": [],
          "duration": 983,
          "root": false,
          "rootEmpty": false,
          "_timeout": 2000
        },
        {
          "uuid": "58e54988-59e6-428b-89a4-5cc3aa0ddbcb",
          "title": "Drag and Drop with Native Events",
          "fullFile": "",
          "file": "",
          "beforeHooks": [],
          "afterHooks": [],
          "tests": [
            {
              "title": "Mouse Events",
              "fullTitle": "Drag and Drop with Native Events Mouse Events",
              "timedOut": null,
              "duration": 5695,
              "state": "passed",
              "speed": "medium",
              "pass": true,
              "fail": false,
              "pending": false,
              "context": null,
              "code": "cy.wait(5000);\ncy.get('#box1').drag('#dropZone1');",
              "err": {},
              "uuid": "e8ff67a1-1375-43ff-bb71-d9b939ea3bd7",
              "parentUUID": "58e54988-59e6-428b-89a4-5cc3aa0ddbcb",
              "isHook": false,
              "skipped": false
            }
          ],
          "suites": [],
          "passes": [
            "e8ff67a1-1375-43ff-bb71-d9b939ea3bd7"
          ],
          "failures": [],
          "pending": [],
          "skipped": [],
          "duration": 5695,
          "root": false,
          "rootEmpty": false,
          "_timeout": 2000
        }
      ],
      "passes": [
        "f722f046-43fb-42f7-b2b0-8138dbd7ac68",
        "13cb55d5-dc43-4dc6-83fe-8cadac7c3c5e",
        "71159d29-58d7-49f9-8259-9e4b86369b7c",
        "a3e69133-c108-4628-8d45-1dd19969ac1c"
      ],
      "failures": [],
      "pending": [],
      "skipped": [],
      "duration": 11639,
      "root": true,
      "rootEmpty": false,
      "_timeout": 2000
    },
    {
      "uuid": "1a932040-e7fa-4c39-b0a3-81cf88f8202b",
      "title": "",
      "fullFile": "cypress\\e2e\\multipleActions1.cy.js",
      "file": "cypress\\e2e\\multipleActions1.cy.js",
      "beforeHooks": [],
      "afterHooks": [],
      "tests": [
        {
          "title": "Reading Files using Fixtures",
          "fullTitle": "Reading Files using Fixtures",
          "timedOut": null,
          "duration": 39,
          "state": "passed",
          "speed": "fast",
          "pass": true,
          "fail": false,
          "pending": false,
          "context": null,
          "code": "cy.fixture('example.json').then(data => {\n  cy.log(data.name);\n});",
          "err": {},
          "uuid": "d9ed12de-5b4c-417b-937b-9520d4335d3a",
          "parentUUID": "1a932040-e7fa-4c39-b0a3-81cf88f8202b",
          "isHook": false,
          "skipped": false
        },
        {
          "title": "Reading File using read File method",
          "fullTitle": "Reading File using read File method",
          "timedOut": null,
          "duration": 47,
          "state": "passed",
          "speed": "fast",
          "pass": true,
          "fail": false,
          "pending": false,
          "context": null,
          "code": "cy.readFile('./cypress/fixtures/example.json').then(data_read => {\n  cy.log(data_read.email);\n});",
          "err": {},
          "uuid": "e54c8c1b-44e5-4d26-931a-5519c5b7a9cd",
          "parentUUID": "1a932040-e7fa-4c39-b0a3-81cf88f8202b",
          "isHook": false,
          "skipped": false
        },
        {
          "title": "Writing some text in a File",
          "fullTitle": "Writing some text in a File",
          "timedOut": null,
          "duration": 25,
          "state": "passed",
          "speed": "fast",
          "pass": true,
          "fail": false,
          "pending": false,
          "context": null,
          "code": "cy.writeFile('./cypress/fixtures/written.txt', 'This is Akhila learning basic Cypress\\n Life is good and all is well. \\n I am joining a new company as a Lead QA Engineer on March 3rd 2026 with a pay of 170,000 CAD. \\r The position is fully remote and is very safe with all the benefits.');",
          "err": {},
          "uuid": "191b6e5b-2a75-478c-b70c-e93a925a3768",
          "parentUUID": "1a932040-e7fa-4c39-b0a3-81cf88f8202b",
          "isHook": false,
          "skipped": false
        },
        {
          "title": "Downloading files",
          "fullTitle": "Downloading files",
          "timedOut": null,
          "duration": 8548,
          "state": "passed",
          "speed": "medium",
          "pass": true,
          "fail": false,
          "pending": false,
          "context": null,
          "code": "cy.visit('https://testkru.com/Elements/Files');\nconst downloadsFolder = Cypress.config('downloadsFolder');\n// const fileName = 'plant_image.jpg';\n// const filePath = `${downloadsFolder}/${fileName}`;\n// 3. Click the button\ncy.contains('Download Now').click();\n// 4. Verify file exists in the folder\n// Note: It's best to allow a few seconds for the download to complete\ncy.readFile(`${downloadsFolder}/plant_image.jpg`, {\n  timeout: 10000\n}).should('exist');\ncy.wait(5000);\ncy.contains('File 1').click();\ncy.readFile(`${downloadsFolder}/codekru.png`, {\n  timeout: 10000\n}).should('exist');",
          "err": {},
          "uuid": "c51ef2d2-d465-4e87-93f6-a7ae3a53d1d0",
          "parentUUID": "1a932040-e7fa-4c39-b0a3-81cf88f8202b",
          "isHook": false,
          "skipped": false
        }
      ],
      "suites": [
        {
          "uuid": "8f84242b-7262-4cf7-bb97-5328dc45865f",
          "title": "File Upload",
          "fullFile": "",
          "file": "",
          "beforeHooks": [],
          "afterHooks": [],
          "tests": [
            {
              "title": "uploads multiple files",
              "fullTitle": "File Upload uploads multiple files",
              "timedOut": null,
              "duration": 564,
              "state": "passed",
              "speed": "fast",
              "pass": true,
              "fail": false,
              "pending": false,
              "context": null,
              "code": "// Visit the page with the file input\ncy.visit('https://testkru.com/Elements/Files');\n// Select the file input element and upload multiple files\ncy.get('input[id=\"multiFileUpload\"]').selectFile(['C:/Users/akhil/OneDrive/Pictures/Screenshots/Screenshot 2025-10-25 235119.png',\n// First file\n'C:/Users/akhil/OneDrive/Pictures/Screenshots/Screenshot 2025-10-25 234126.png' // Second file\n], {\n  action: 'select'\n} // or 'drag-drop'\n);\n// Optional: Assert that files are attached\n// cy.get('input[type=\"file\"]')[0].files.length.should('eq', 2);",
              "err": {},
              "uuid": "5866b4bd-eeed-4189-bbf2-3df93b0ee822",
              "parentUUID": "8f84242b-7262-4cf7-bb97-5328dc45865f",
              "isHook": false,
              "skipped": false
            },
            {
              "title": "uploads single file",
              "fullTitle": "File Upload uploads single file",
              "timedOut": null,
              "duration": 499,
              "state": "passed",
              "speed": "fast",
              "pass": true,
              "fail": false,
              "pending": false,
              "context": null,
              "code": "cy.visit('https://testkru.com/Elements/Files');\ncy.get('input[id=\"singleFileUpload\"]').selectFile('C:/Users/akhil/OneDrive/Pictures/Happy Diwali.jpeg', {\n  action: 'select'\n});\n// cy.get('input[id=\"singleFileUpload\"]').files.length.should('eq',1)",
              "err": {},
              "uuid": "1d4dcad8-077d-4f4a-8e0b-a166e180962e",
              "parentUUID": "8f84242b-7262-4cf7-bb97-5328dc45865f",
              "isHook": false,
              "skipped": false
            }
          ],
          "suites": [],
          "passes": [
            "5866b4bd-eeed-4189-bbf2-3df93b0ee822",
            "1d4dcad8-077d-4f4a-8e0b-a166e180962e"
          ],
          "failures": [],
          "pending": [],
          "skipped": [],
          "duration": 1063,
          "root": false,
          "rootEmpty": false,
          "_timeout": 2000
        },
        {
          "uuid": "9358b4bc-8c3e-4551-8a22-f2b5ba357e3c",
          "title": "Drag and Drop with Native Events",
          "fullFile": "",
          "file": "",
          "beforeHooks": [],
          "afterHooks": [],
          "tests": [
            {
              "title": "Mouse Events",
              "fullTitle": "Drag and Drop with Native Events Mouse Events",
              "timedOut": null,
              "duration": 5916,
              "state": "passed",
              "speed": "medium",
              "pass": true,
              "fail": false,
              "pending": false,
              "context": null,
              "code": "cy.wait(5000);\ncy.get('#box1').drag('#dropZone1');",
              "err": {},
              "uuid": "156777d0-3450-4c25-b20d-4bce0bcb3446",
              "parentUUID": "9358b4bc-8c3e-4551-8a22-f2b5ba357e3c",
              "isHook": false,
              "skipped": false
            }
          ],
          "suites": [],
          "passes": [
            "156777d0-3450-4c25-b20d-4bce0bcb3446"
          ],
          "failures": [],
          "pending": [],
          "skipped": [],
          "duration": 5916,
          "root": false,
          "rootEmpty": false,
          "_timeout": 2000
        }
      ],
      "passes": [
        "d9ed12de-5b4c-417b-937b-9520d4335d3a",
        "e54c8c1b-44e5-4d26-931a-5519c5b7a9cd",
        "191b6e5b-2a75-478c-b70c-e93a925a3768",
        "c51ef2d2-d465-4e87-93f6-a7ae3a53d1d0"
      ],
      "failures": [],
      "pending": [],
      "skipped": [],
      "duration": 8659,
      "root": true,
      "rootEmpty": false,
      "_timeout": 2000
    },
    {
      "uuid": "e6d0650e-0456-479f-95fb-e90fb0f2dee4",
      "title": "",
      "fullFile": "cypress\\e2e\\multipleActions1.cy.js",
      "file": "cypress\\e2e\\multipleActions1.cy.js",
      "beforeHooks": [],
      "afterHooks": [],
      "tests": [
        {
          "title": "Reading Files using Fixtures",
          "fullTitle": "Reading Files using Fixtures",
          "timedOut": null,
          "duration": 54,
          "state": "passed",
          "speed": "fast",
          "pass": true,
          "fail": false,
          "pending": false,
          "context": null,
          "code": "cy.fixture('example.json').then(data => {\n  cy.log(data.name);\n});",
          "err": {},
          "uuid": "0033bb0f-bc41-4b8a-b330-a809057063d8",
          "parentUUID": "e6d0650e-0456-479f-95fb-e90fb0f2dee4",
          "isHook": false,
          "skipped": false
        },
        {
          "title": "Reading File using read File method",
          "fullTitle": "Reading File using read File method",
          "timedOut": null,
          "duration": 40,
          "state": "passed",
          "speed": "fast",
          "pass": true,
          "fail": false,
          "pending": false,
          "context": null,
          "code": "cy.readFile('./cypress/fixtures/example.json').then(data_read => {\n  cy.log(data_read.email);\n});",
          "err": {},
          "uuid": "aabb573a-ec88-4a40-a78f-9f033162a5b8",
          "parentUUID": "e6d0650e-0456-479f-95fb-e90fb0f2dee4",
          "isHook": false,
          "skipped": false
        },
        {
          "title": "Writing some text in a File",
          "fullTitle": "Writing some text in a File",
          "timedOut": null,
          "duration": 24,
          "state": "passed",
          "speed": "fast",
          "pass": true,
          "fail": false,
          "pending": false,
          "context": null,
          "code": "cy.writeFile('./cypress/fixtures/written.txt', 'This is Akhila learning basic Cypress\\n Life is good and all is well. \\n I am joining a new company as a Lead QA Engineer on March 3rd 2026 with a pay of 170,000 CAD. \\r The position is fully remote and is very safe with all the benefits.');",
          "err": {},
          "uuid": "6fc072e3-725e-4d1e-bda1-2743a89ec6c9",
          "parentUUID": "e6d0650e-0456-479f-95fb-e90fb0f2dee4",
          "isHook": false,
          "skipped": false
        },
        {
          "title": "Downloading files",
          "fullTitle": "Downloading files",
          "timedOut": null,
          "duration": 6791,
          "state": "passed",
          "speed": "medium",
          "pass": true,
          "fail": false,
          "pending": false,
          "context": null,
          "code": "cy.visit('https://testkru.com/Elements/Files');\nconst downloadsFolder = Cypress.config('downloadsFolder');\n// const fileName = 'plant_image.jpg';\n// const filePath = `${downloadsFolder}/${fileName}`;\n// 3. Click the button\ncy.contains('Download Now').click();\n// 4. Verify file exists in the folder\n// Note: It's best to allow a few seconds for the download to complete\ncy.readFile(`${downloadsFolder}/plant_image.jpg`, {\n  timeout: 10000\n}).should('exist');\ncy.wait(5000);\ncy.contains('File 1').click();\ncy.readFile(`${downloadsFolder}/codekru.png`, {\n  timeout: 10000\n}).should('exist');",
          "err": {},
          "uuid": "bd0ac6af-5d8c-4282-a53f-4f9aa4b733eb",
          "parentUUID": "e6d0650e-0456-479f-95fb-e90fb0f2dee4",
          "isHook": false,
          "skipped": false
        }
      ],
      "suites": [
        {
          "uuid": "dc6cbd0c-2055-496f-8ad9-72805d46e36d",
          "title": "File Upload",
          "fullFile": "",
          "file": "",
          "beforeHooks": [],
          "afterHooks": [],
          "tests": [
            {
              "title": "uploads multiple files",
              "fullTitle": "File Upload uploads multiple files",
              "timedOut": null,
              "duration": 655,
              "state": "passed",
              "speed": "fast",
              "pass": true,
              "fail": false,
              "pending": false,
              "context": null,
              "code": "// Visit the page with the file input\ncy.visit('https://testkru.com/Elements/Files');\n// Select the file input element and upload multiple files\ncy.get('input[id=\"multiFileUpload\"]').selectFile(['C:/Users/akhil/OneDrive/Pictures/Screenshots/Screenshot 2025-10-25 235119.png',\n// First file\n'C:/Users/akhil/OneDrive/Pictures/Screenshots/Screenshot 2025-10-25 234126.png' // Second file\n], {\n  action: 'select'\n} // or 'drag-drop'\n);\n// Optional: Assert that files are attached\n// cy.get('input[type=\"file\"]')[0].files.length.should('eq', 2);",
              "err": {},
              "uuid": "60020927-9faa-4672-95b8-4a2222d40faf",
              "parentUUID": "dc6cbd0c-2055-496f-8ad9-72805d46e36d",
              "isHook": false,
              "skipped": false
            },
            {
              "title": "uploads single file",
              "fullTitle": "File Upload uploads single file",
              "timedOut": null,
              "duration": 448,
              "state": "passed",
              "speed": "fast",
              "pass": true,
              "fail": false,
              "pending": false,
              "context": null,
              "code": "cy.visit('https://testkru.com/Elements/Files');\ncy.get('input[id=\"singleFileUpload\"]').selectFile('C:/Users/akhil/OneDrive/Pictures/Happy Diwali.jpeg', {\n  action: 'select'\n});\n// cy.get('input[id=\"singleFileUpload\"]').files.length.should('eq',1)",
              "err": {},
              "uuid": "985451f2-0053-4f92-bd11-5c25acf09584",
              "parentUUID": "dc6cbd0c-2055-496f-8ad9-72805d46e36d",
              "isHook": false,
              "skipped": false
            }
          ],
          "suites": [],
          "passes": [
            "60020927-9faa-4672-95b8-4a2222d40faf",
            "985451f2-0053-4f92-bd11-5c25acf09584"
          ],
          "failures": [],
          "pending": [],
          "skipped": [],
          "duration": 1103,
          "root": false,
          "rootEmpty": false,
          "_timeout": 2000
        },
        {
          "uuid": "a7e77a90-f45c-4246-ace4-26b39eb20410",
          "title": "Drag and Drop with Native Events",
          "fullFile": "",
          "file": "",
          "beforeHooks": [],
          "afterHooks": [],
          "tests": [
            {
              "title": "Mouse Events",
              "fullTitle": "Drag and Drop with Native Events Mouse Events",
              "timedOut": null,
              "duration": 5652,
              "state": "passed",
              "speed": "medium",
              "pass": true,
              "fail": false,
              "pending": false,
              "context": null,
              "code": "cy.wait(5000);\ncy.get('#box1').drag('#dropZone1');",
              "err": {},
              "uuid": "89f13119-aafc-4372-b9d6-d7c7d7922cd1",
              "parentUUID": "a7e77a90-f45c-4246-ace4-26b39eb20410",
              "isHook": false,
              "skipped": false
            }
          ],
          "suites": [],
          "passes": [
            "89f13119-aafc-4372-b9d6-d7c7d7922cd1"
          ],
          "failures": [],
          "pending": [],
          "skipped": [],
          "duration": 5652,
          "root": false,
          "rootEmpty": false,
          "_timeout": 2000
        }
      ],
      "passes": [
        "0033bb0f-bc41-4b8a-b330-a809057063d8",
        "aabb573a-ec88-4a40-a78f-9f033162a5b8",
        "6fc072e3-725e-4d1e-bda1-2743a89ec6c9",
        "bd0ac6af-5d8c-4282-a53f-4f9aa4b733eb"
      ],
      "failures": [],
      "pending": [],
      "skipped": [],
      "duration": 6909,
      "root": true,
      "rootEmpty": false,
      "_timeout": 2000
    },
    {
      "uuid": "96bab5cc-d0c7-47c7-ba3a-08e4aeb3b5c8",
      "title": "",
      "fullFile": "cypress\\e2e\\multipleActions.cy.js",
      "file": "cypress\\e2e\\multipleActions.cy.js",
      "beforeHooks": [],
      "afterHooks": [],
      "tests": [
        {
          "title": "Reading Files using Fixtures",
          "fullTitle": "Reading Files using Fixtures",
          "timedOut": null,
          "duration": 45,
          "state": "passed",
          "speed": "fast",
          "pass": true,
          "fail": false,
          "pending": false,
          "context": null,
          "code": "cy.fixture('example.json').then(data => {\n  cy.log(data.name);\n});",
          "err": {},
          "uuid": "308fbab1-4af0-4567-ba47-a2ee24f0e33c",
          "parentUUID": "96bab5cc-d0c7-47c7-ba3a-08e4aeb3b5c8",
          "isHook": false,
          "skipped": false
        },
        {
          "title": "Reading File using read File method",
          "fullTitle": "Reading File using read File method",
          "timedOut": null,
          "duration": 58,
          "state": "passed",
          "speed": "fast",
          "pass": true,
          "fail": false,
          "pending": false,
          "context": null,
          "code": "cy.readFile('./cypress/fixtures/example.json').then(data_read => {\n  cy.log(data_read.email);\n});",
          "err": {},
          "uuid": "c51cdd56-4437-448b-a3fe-6bee5dd5b1bf",
          "parentUUID": "96bab5cc-d0c7-47c7-ba3a-08e4aeb3b5c8",
          "isHook": false,
          "skipped": false
        },
        {
          "title": "Writing some text in a File",
          "fullTitle": "Writing some text in a File",
          "timedOut": null,
          "duration": 28,
          "state": "passed",
          "speed": "fast",
          "pass": true,
          "fail": false,
          "pending": false,
          "context": null,
          "code": "cy.writeFile('./cypress/fixtures/written.txt', 'This is Akhila learning basic Cypress\\n Life is good and all is well. \\n I am joining a new company as a Lead QA Engineer on March 3rd 2026 with a pay of 170,000 CAD. \\r The position is fully remote and is very safe with all the benefits.');",
          "err": {},
          "uuid": "dc73c76a-f414-472f-9353-174963f47be2",
          "parentUUID": "96bab5cc-d0c7-47c7-ba3a-08e4aeb3b5c8",
          "isHook": false,
          "skipped": false
        },
        {
          "title": "Downloading files",
          "fullTitle": "Downloading files",
          "timedOut": null,
          "duration": 8594,
          "state": "passed",
          "speed": "medium",
          "pass": true,
          "fail": false,
          "pending": false,
          "context": null,
          "code": "cy.visit('https://testkru.com/Elements/Files');\nconst downloadsFolder = Cypress.config('downloadsFolder');\n// const fileName = 'plant_image.jpg';\n// const filePath = `${downloadsFolder}/${fileName}`;\n// 3. Click the button\ncy.contains('Download Now').click();\n// 4. Verify file exists in the folder\n// Note: It's best to allow a few seconds for the download to complete\ncy.readFile(`${downloadsFolder}/plant_image.jpg`, {\n  timeout: 10000\n}).should('exist');\ncy.wait(5000);\ncy.contains('File 1').click();\ncy.readFile(`${downloadsFolder}/codekru.png`, {\n  timeout: 10000\n}).should('exist');",
          "err": {},
          "uuid": "40c0a6f4-254b-4d00-ac74-622d34511b6a",
          "parentUUID": "96bab5cc-d0c7-47c7-ba3a-08e4aeb3b5c8",
          "isHook": false,
          "skipped": false
        }
      ],
      "suites": [
        {
          "uuid": "a8d5de88-0b3b-4012-a24a-3178b0e30548",
          "title": "File Upload",
          "fullFile": "",
          "file": "",
          "beforeHooks": [],
          "afterHooks": [],
          "tests": [
            {
              "title": "uploads multiple files",
              "fullTitle": "File Upload uploads multiple files",
              "timedOut": null,
              "duration": 761,
              "state": "passed",
              "speed": "fast",
              "pass": true,
              "fail": false,
              "pending": false,
              "context": null,
              "code": "// Visit the page with the file input\ncy.visit('https://testkru.com/Elements/Files');\n// Select the file input element and upload multiple files\ncy.get('input[id=\"multiFileUpload\"]').selectFile(['C:/Users/akhil/OneDrive/Pictures/Screenshots/Screenshot 2025-10-25 235119.png',\n// First file\n'C:/Users/akhil/OneDrive/Pictures/Screenshots/Screenshot 2025-10-25 234126.png' // Second file\n], {\n  action: 'select'\n} // or 'drag-drop'\n);\n// Optional: Assert that files are attached\n// cy.get('input[type=\"file\"]')[0].files.length.should('eq', 2);",
              "err": {},
              "uuid": "5f53be01-2c02-42a9-9397-746014aaf08c",
              "parentUUID": "a8d5de88-0b3b-4012-a24a-3178b0e30548",
              "isHook": false,
              "skipped": false
            },
            {
              "title": "uploads single file",
              "fullTitle": "File Upload uploads single file",
              "timedOut": null,
              "duration": 503,
              "state": "passed",
              "speed": "fast",
              "pass": true,
              "fail": false,
              "pending": false,
              "context": null,
              "code": "cy.visit('https://testkru.com/Elements/Files');\ncy.get('input[id=\"singleFileUpload\"]').selectFile('C:/Users/akhil/OneDrive/Pictures/Happy Diwali.jpeg', {\n  action: 'select'\n});\n// cy.get('input[id=\"singleFileUpload\"]').files.length.should('eq',1)",
              "err": {},
              "uuid": "dc282af2-ff9b-4748-b907-ab9c67178dac",
              "parentUUID": "a8d5de88-0b3b-4012-a24a-3178b0e30548",
              "isHook": false,
              "skipped": false
            }
          ],
          "suites": [],
          "passes": [
            "5f53be01-2c02-42a9-9397-746014aaf08c",
            "dc282af2-ff9b-4748-b907-ab9c67178dac"
          ],
          "failures": [],
          "pending": [],
          "skipped": [],
          "duration": 1264,
          "root": false,
          "rootEmpty": false,
          "_timeout": 2000
        },
        {
          "uuid": "6ca33700-fdb6-4213-954e-0df0d3891857",
          "title": "Drag and Drop with Native Events",
          "fullFile": "",
          "file": "",
          "beforeHooks": [],
          "afterHooks": [],
          "tests": [
            {
              "title": "Mouse Events",
              "fullTitle": "Drag and Drop with Native Events Mouse Events",
              "timedOut": null,
              "duration": 5708,
              "state": "passed",
              "speed": "medium",
              "pass": true,
              "fail": false,
              "pending": false,
              "context": null,
              "code": "cy.wait(5000);\ncy.get('#box1').drag('#dropZone1');",
              "err": {},
              "uuid": "c22ab6c5-3fbf-47a0-ad26-47a86a4d1750",
              "parentUUID": "6ca33700-fdb6-4213-954e-0df0d3891857",
              "isHook": false,
              "skipped": false
            },
            {
              "title": "should drag item to target",
              "fullTitle": "Drag and Drop with Native Events should drag item to target",
              "timedOut": null,
              "duration": 1098,
              "state": "failed",
              "speed": null,
              "pass": false,
              "fail": true,
              "pending": false,
              "context": null,
              "code": "cy.visit('https://testkru.com/Interactions/DragAndDrop');\ntriggerDragAndDrop('#box2', '#dropZone1');",
              "err": {
                "message": "TypeError: The following error originated from your application code, not from Cypress.\n\n  > Cannot read properties of undefined (reading 'getData')\n\nWhen Cypress detects uncaught errors originating from your application it will automatically fail the current test.\n\nThis behavior is configurable, and you can choose to turn this off by listening to the `uncaught:exception` event.\n\nhttps://on.cypress.io/uncaught-exception-from-application",
                "estack": "TypeError: The following error originated from your application code, not from Cypress.\n\n  > Cannot read properties of undefined (reading 'getData')\n\nWhen Cypress detects uncaught errors originating from your application it will automatically fail the current test.\n\nThis behavior is configurable, and you can choose to turn this off by listening to the `uncaught:exception` event.\n\nhttps://on.cypress.io/uncaught-exception-from-application\n    at dragEnd (https://testkru.com/Interactions/DragAndDrop:245:50)\n    at HTMLDivElement.ondragend (https://testkru.com/Interactions/DragAndDrop:194:106)\n    at dispatch (https://testkru.com/__cypress/runner/cypress_runner.js:117142:17)\n    at onReady (https://testkru.com/__cypress/runner/cypress_runner.js:117248:20)\n    at runAllChecks (https://testkru.com/__cypress/runner/cypress_runner.js:115564:14)\n    at retryActionability (https://testkru.com/__cypress/runner/cypress_runner.js:115586:16)\n    at tryCatcher (https://testkru.com/__cypress/runner/cypress_runner.js:1777:23)\n    at Promise.attempt.Promise.try (https://testkru.com/__cypress/runner/cypress_runner.js:4285:29)\n    at whenStable (https://testkru.com/__cypress/runner/cypress_runner.js:152023:68)\n    at <unknown> (https://testkru.com/__cypress/runner/cypress_runner.js:151964:14)",
                "diff": null
              },
              "uuid": "2507195b-407e-4494-b661-4dc06d711214",
              "parentUUID": "6ca33700-fdb6-4213-954e-0df0d3891857",
              "isHook": false,
              "skipped": false
            }
          ],
          "suites": [],
          "passes": [
            "c22ab6c5-3fbf-47a0-ad26-47a86a4d1750"
          ],
          "failures": [
            "2507195b-407e-4494-b661-4dc06d711214"
          ],
          "pending": [],
          "skipped": [],
          "duration": 6806,
          "root": false,
          "rootEmpty": false,
          "_timeout": 2000
        }
      ],
      "passes": [
        "308fbab1-4af0-4567-ba47-a2ee24f0e33c",
        "c51cdd56-4437-448b-a3fe-6bee5dd5b1bf",
        "dc73c76a-f414-472f-9353-174963f47be2",
        "40c0a6f4-254b-4d00-ac74-622d34511b6a"
      ],
      "failures": [],
      "pending": [],
      "skipped": [],
      "duration": 8725,
      "root": true,
      "rootEmpty": false,
      "_timeout": 2000
    },
    {
      "uuid": "b84216cf-284f-4b20-b829-1e0367613ac5",
      "title": "",
      "fullFile": "cypress\\e2e\\multipleActions.cy.js",
      "file": "cypress\\e2e\\multipleActions.cy.js",
      "beforeHooks": [],
      "afterHooks": [],
      "tests": [
        {
          "title": "Reading Files using Fixtures",
          "fullTitle": "Reading Files using Fixtures",
          "timedOut": null,
          "duration": 44,
          "state": "passed",
          "speed": "fast",
          "pass": true,
          "fail": false,
          "pending": false,
          "context": null,
          "code": "cy.fixture('example.json').then(data => {\n  cy.log(data.name);\n});",
          "err": {},
          "uuid": "dd46c672-8523-4242-baa7-816b88f1f4dd",
          "parentUUID": "b84216cf-284f-4b20-b829-1e0367613ac5",
          "isHook": false,
          "skipped": false
        },
        {
          "title": "Reading File using read File method",
          "fullTitle": "Reading File using read File method",
          "timedOut": null,
          "duration": 50,
          "state": "passed",
          "speed": "fast",
          "pass": true,
          "fail": false,
          "pending": false,
          "context": null,
          "code": "cy.readFile('./cypress/fixtures/example.json').then(data_read => {\n  cy.log(data_read.email);\n});",
          "err": {},
          "uuid": "c3f26184-9632-40b6-b29e-49f8ddc9dca7",
          "parentUUID": "b84216cf-284f-4b20-b829-1e0367613ac5",
          "isHook": false,
          "skipped": false
        },
        {
          "title": "Writing some text in a File",
          "fullTitle": "Writing some text in a File",
          "timedOut": null,
          "duration": 25,
          "state": "passed",
          "speed": "fast",
          "pass": true,
          "fail": false,
          "pending": false,
          "context": null,
          "code": "cy.writeFile('./cypress/fixtures/written.txt', 'This is Akhila learning basic Cypress\\n Life is good and all is well. \\n I am joining a new company as a Lead QA Engineer on March 3rd 2026 with a pay of 170,000 CAD. \\r The position is fully remote and is very safe with all the benefits.');",
          "err": {},
          "uuid": "987d809b-c7d8-47c9-9c71-6a71700d6c85",
          "parentUUID": "b84216cf-284f-4b20-b829-1e0367613ac5",
          "isHook": false,
          "skipped": false
        },
        {
          "title": "Downloading files",
          "fullTitle": "Downloading files",
          "timedOut": null,
          "duration": 11491,
          "state": "passed",
          "speed": "slow",
          "pass": true,
          "fail": false,
          "pending": false,
          "context": null,
          "code": "cy.visit('https://testkru.com/Elements/Files');\nconst downloadsFolder = Cypress.config('downloadsFolder');\n// const fileName = 'plant_image.jpg';\n// const filePath = `${downloadsFolder}/${fileName}`;\n// 3. Click the button\ncy.contains('Download Now').click();\n// 4. Verify file exists in the folder\n// Note: It's best to allow a few seconds for the download to complete\ncy.readFile(`${downloadsFolder}/plant_image.jpg`, {\n  timeout: 10000\n}).should('exist');\ncy.wait(5000);\ncy.contains('File 1').click();\ncy.readFile(`${downloadsFolder}/codekru.png`, {\n  timeout: 10000\n}).should('exist');",
          "err": {},
          "uuid": "337434c6-2c1b-46a6-a571-3799fb449c3b",
          "parentUUID": "b84216cf-284f-4b20-b829-1e0367613ac5",
          "isHook": false,
          "skipped": false
        }
      ],
      "suites": [
        {
          "uuid": "44019fe8-66d6-40ee-b3fc-1e847cc27e31",
          "title": "File Upload",
          "fullFile": "",
          "file": "",
          "beforeHooks": [],
          "afterHooks": [],
          "tests": [
            {
              "title": "uploads multiple files",
              "fullTitle": "File Upload uploads multiple files",
              "timedOut": null,
              "duration": 751,
              "state": "passed",
              "speed": "fast",
              "pass": true,
              "fail": false,
              "pending": false,
              "context": null,
              "code": "// Visit the page with the file input\ncy.visit('https://testkru.com/Elements/Files');\n// Select the file input element and upload multiple files\ncy.get('input[id=\"multiFileUpload\"]').selectFile(['C:/Users/akhil/OneDrive/Pictures/Screenshots/Screenshot 2025-10-25 235119.png',\n// First file\n'C:/Users/akhil/OneDrive/Pictures/Screenshots/Screenshot 2025-10-25 234126.png' // Second file\n], {\n  action: 'select'\n} // or 'drag-drop'\n);\n// Optional: Assert that files are attached\n// cy.get('input[type=\"file\"]')[0].files.length.should('eq', 2);",
              "err": {},
              "uuid": "714dfd1e-bf10-4c7e-b2a2-4b1158b985ec",
              "parentUUID": "44019fe8-66d6-40ee-b3fc-1e847cc27e31",
              "isHook": false,
              "skipped": false
            },
            {
              "title": "uploads single file",
              "fullTitle": "File Upload uploads single file",
              "timedOut": null,
              "duration": 608,
              "state": "passed",
              "speed": "fast",
              "pass": true,
              "fail": false,
              "pending": false,
              "context": null,
              "code": "cy.visit('https://testkru.com/Elements/Files');\ncy.get('input[id=\"singleFileUpload\"]').selectFile('C:/Users/akhil/OneDrive/Pictures/Happy Diwali.jpeg', {\n  action: 'select'\n});\n// cy.get('input[id=\"singleFileUpload\"]').files.length.should('eq',1)",
              "err": {},
              "uuid": "3bd80a5f-50f3-495f-9f71-2995596bbd7b",
              "parentUUID": "44019fe8-66d6-40ee-b3fc-1e847cc27e31",
              "isHook": false,
              "skipped": false
            }
          ],
          "suites": [],
          "passes": [
            "714dfd1e-bf10-4c7e-b2a2-4b1158b985ec",
            "3bd80a5f-50f3-495f-9f71-2995596bbd7b"
          ],
          "failures": [],
          "pending": [],
          "skipped": [],
          "duration": 1359,
          "root": false,
          "rootEmpty": false,
          "_timeout": 2000
        },
        {
          "uuid": "83c68d1a-92ba-4437-bd4f-49b11cc8d80c",
          "title": "Drag and Drop with Native Events",
          "fullFile": "",
          "file": "",
          "beforeHooks": [],
          "afterHooks": [],
          "tests": [
            {
              "title": "Mouse Events",
              "fullTitle": "Drag and Drop with Native Events Mouse Events",
              "timedOut": null,
              "duration": 5836,
              "state": "passed",
              "speed": "medium",
              "pass": true,
              "fail": false,
              "pending": false,
              "context": null,
              "code": "cy.wait(5000);\ncy.get('#box1').drag('#dropZone1');",
              "err": {},
              "uuid": "f298fee0-a5bd-467e-8834-c2be6e037b4d",
              "parentUUID": "83c68d1a-92ba-4437-bd4f-49b11cc8d80c",
              "isHook": false,
              "skipped": false
            },
            {
              "title": "should drag item to target",
              "fullTitle": "Drag and Drop with Native Events should drag item to target",
              "timedOut": null,
              "duration": 2550,
              "state": "failed",
              "speed": null,
              "pass": false,
              "fail": true,
              "pending": false,
              "context": null,
              "code": "cy.visit('https://testkru.com/Interactions/DragAndDrop');\ntriggerDragAndDrop('#box2', '#dropZone1');",
              "err": {
                "message": "TypeError: The following error originated from your application code, not from Cypress.\n\n  > Cannot read properties of undefined (reading 'getData')\n\nWhen Cypress detects uncaught errors originating from your application it will automatically fail the current test.\n\nThis behavior is configurable, and you can choose to turn this off by listening to the `uncaught:exception` event.\n\nhttps://on.cypress.io/uncaught-exception-from-application",
                "estack": "TypeError: The following error originated from your application code, not from Cypress.\n\n  > Cannot read properties of undefined (reading 'getData')\n\nWhen Cypress detects uncaught errors originating from your application it will automatically fail the current test.\n\nThis behavior is configurable, and you can choose to turn this off by listening to the `uncaught:exception` event.\n\nhttps://on.cypress.io/uncaught-exception-from-application\n    at dragEnd (https://testkru.com/Interactions/DragAndDrop:245:50)\n    at HTMLDivElement.ondragend (https://testkru.com/Interactions/DragAndDrop:194:106)\n    at dispatch (https://testkru.com/__cypress/runner/cypress_runner.js:117142:17)\n    at onReady (https://testkru.com/__cypress/runner/cypress_runner.js:117248:20)\n    at runAllChecks (https://testkru.com/__cypress/runner/cypress_runner.js:115564:14)\n    at retryActionability (https://testkru.com/__cypress/runner/cypress_runner.js:115586:16)\n    at tryCatcher (https://testkru.com/__cypress/runner/cypress_runner.js:1777:23)\n    at Promise.attempt.Promise.try (https://testkru.com/__cypress/runner/cypress_runner.js:4285:29)\n    at whenStable (https://testkru.com/__cypress/runner/cypress_runner.js:152023:68)\n    at <unknown> (https://testkru.com/__cypress/runner/cypress_runner.js:151964:14)",
                "diff": null
              },
              "uuid": "70553066-e9ac-40d4-af64-338422d7b288",
              "parentUUID": "83c68d1a-92ba-4437-bd4f-49b11cc8d80c",
              "isHook": false,
              "skipped": false
            }
          ],
          "suites": [],
          "passes": [
            "f298fee0-a5bd-467e-8834-c2be6e037b4d"
          ],
          "failures": [
            "70553066-e9ac-40d4-af64-338422d7b288"
          ],
          "pending": [],
          "skipped": [],
          "duration": 8386,
          "root": false,
          "rootEmpty": false,
          "_timeout": 2000
        }
      ],
      "passes": [
        "dd46c672-8523-4242-baa7-816b88f1f4dd",
        "c3f26184-9632-40b6-b29e-49f8ddc9dca7",
        "987d809b-c7d8-47c9-9c71-6a71700d6c85",
        "337434c6-2c1b-46a6-a571-3799fb449c3b"
      ],
      "failures": [],
      "pending": [],
      "skipped": [],
      "duration": 11610,
      "root": true,
      "rootEmpty": false,
      "_timeout": 2000
    },
    {
      "uuid": "d2d39af6-b2f7-4e1d-9c67-d515920c682a",
      "title": "",
      "fullFile": "cypress\\e2e\\multipleActions.cy.js",
      "file": "cypress\\e2e\\multipleActions.cy.js",
      "beforeHooks": [],
      "afterHooks": [],
      "tests": [
        {
          "title": "Reading Files using Fixtures",
          "fullTitle": "Reading Files using Fixtures",
          "timedOut": null,
          "duration": 36,
          "state": "passed",
          "speed": "fast",
          "pass": true,
          "fail": false,
          "pending": false,
          "context": null,
          "code": "cy.fixture('example.json').then(data => {\n  cy.log(data.name);\n});",
          "err": {},
          "uuid": "12a2b158-01b5-4969-8c51-5dc57006e5a2",
          "parentUUID": "d2d39af6-b2f7-4e1d-9c67-d515920c682a",
          "isHook": false,
          "skipped": false
        },
        {
          "title": "Reading File using read File method",
          "fullTitle": "Reading File using read File method",
          "timedOut": null,
          "duration": 44,
          "state": "passed",
          "speed": "fast",
          "pass": true,
          "fail": false,
          "pending": false,
          "context": null,
          "code": "cy.readFile('./cypress/fixtures/example.json').then(data_read => {\n  cy.log(data_read.email);\n});",
          "err": {},
          "uuid": "4ba8880a-b1a6-4081-8737-a48a23b7d52d",
          "parentUUID": "d2d39af6-b2f7-4e1d-9c67-d515920c682a",
          "isHook": false,
          "skipped": false
        },
        {
          "title": "Writing some text in a File",
          "fullTitle": "Writing some text in a File",
          "timedOut": null,
          "duration": 26,
          "state": "passed",
          "speed": "fast",
          "pass": true,
          "fail": false,
          "pending": false,
          "context": null,
          "code": "cy.writeFile('./cypress/fixtures/written.txt', 'This is Akhila learning basic Cypress\\n Life is good and all is well. \\n I am joining a new company as a Lead QA Engineer on March 3rd 2026 with a pay of 170,000 CAD. \\r The position is fully remote and is very safe with all the benefits.');",
          "err": {},
          "uuid": "22331f67-7e35-461e-b8e8-5aae95f31a94",
          "parentUUID": "d2d39af6-b2f7-4e1d-9c67-d515920c682a",
          "isHook": false,
          "skipped": false
        },
        {
          "title": "Downloading files",
          "fullTitle": "Downloading files",
          "timedOut": null,
          "duration": 8149,
          "state": "passed",
          "speed": "medium",
          "pass": true,
          "fail": false,
          "pending": false,
          "context": null,
          "code": "cy.visit('https://testkru.com/Elements/Files');\nconst downloadsFolder = Cypress.config('downloadsFolder');\n// const fileName = 'plant_image.jpg';\n// const filePath = `${downloadsFolder}/${fileName}`;\n// 3. Click the button\ncy.contains('Download Now').click();\n// 4. Verify file exists in the folder\n// Note: It's best to allow a few seconds for the download to complete\ncy.readFile(`${downloadsFolder}/plant_image.jpg`, {\n  timeout: 10000\n}).should('exist');\ncy.wait(5000);\ncy.contains('File 1').click();\ncy.readFile(`${downloadsFolder}/codekru.png`, {\n  timeout: 10000\n}).should('exist');",
          "err": {},
          "uuid": "38cca1e0-b1eb-4489-9bfc-f3004ee4030c",
          "parentUUID": "d2d39af6-b2f7-4e1d-9c67-d515920c682a",
          "isHook": false,
          "skipped": false
        }
      ],
      "suites": [
        {
          "uuid": "6b0e9ccc-7f9e-4d0a-8cf9-5db6b4a14c05",
          "title": "File Upload",
          "fullFile": "",
          "file": "",
          "beforeHooks": [],
          "afterHooks": [],
          "tests": [
            {
              "title": "uploads multiple files",
              "fullTitle": "File Upload uploads multiple files",
              "timedOut": null,
              "duration": 520,
              "state": "passed",
              "speed": "fast",
              "pass": true,
              "fail": false,
              "pending": false,
              "context": null,
              "code": "// Visit the page with the file input\ncy.visit('https://testkru.com/Elements/Files');\n// Select the file input element and upload multiple files\ncy.get('input[id=\"multiFileUpload\"]').selectFile(['C:/Users/akhil/OneDrive/Pictures/Screenshots/Screenshot 2025-10-25 235119.png',\n// First file\n'C:/Users/akhil/OneDrive/Pictures/Screenshots/Screenshot 2025-10-25 234126.png' // Second file\n], {\n  action: 'select'\n} // or 'drag-drop'\n);\n// Optional: Assert that files are attached\n// cy.get('input[type=\"file\"]')[0].files.length.should('eq', 2);",
              "err": {},
              "uuid": "dd9f87a4-f1bb-433f-a105-b80baa728f35",
              "parentUUID": "6b0e9ccc-7f9e-4d0a-8cf9-5db6b4a14c05",
              "isHook": false,
              "skipped": false
            },
            {
              "title": "uploads single file",
              "fullTitle": "File Upload uploads single file",
              "timedOut": null,
              "duration": 527,
              "state": "passed",
              "speed": "fast",
              "pass": true,
              "fail": false,
              "pending": false,
              "context": null,
              "code": "cy.visit('https://testkru.com/Elements/Files');\ncy.get('input[id=\"singleFileUpload\"]').selectFile('C:/Users/akhil/OneDrive/Pictures/Happy Diwali.jpeg', {\n  action: 'select'\n});\n// cy.get('input[id=\"singleFileUpload\"]').files.length.should('eq',1)",
              "err": {},
              "uuid": "a210150f-f24c-468b-9a9b-9ec50f8474ea",
              "parentUUID": "6b0e9ccc-7f9e-4d0a-8cf9-5db6b4a14c05",
              "isHook": false,
              "skipped": false
            }
          ],
          "suites": [],
          "passes": [
            "dd9f87a4-f1bb-433f-a105-b80baa728f35",
            "a210150f-f24c-468b-9a9b-9ec50f8474ea"
          ],
          "failures": [],
          "pending": [],
          "skipped": [],
          "duration": 1047,
          "root": false,
          "rootEmpty": false,
          "_timeout": 2000
        },
        {
          "uuid": "fb4bb07a-d746-4e92-9847-8d42993f5935",
          "title": "Drag and Drop with Native Events",
          "fullFile": "",
          "file": "",
          "beforeHooks": [],
          "afterHooks": [],
          "tests": [
            {
              "title": "Mouse Events",
              "fullTitle": "Drag and Drop with Native Events Mouse Events",
              "timedOut": null,
              "duration": 5962,
              "state": "passed",
              "speed": "medium",
              "pass": true,
              "fail": false,
              "pending": false,
              "context": null,
              "code": "cy.wait(5000);\ncy.get('#box1').drag('#dropZone1');",
              "err": {},
              "uuid": "c9db7439-1da1-42eb-8fa6-600c5a57c760",
              "parentUUID": "fb4bb07a-d746-4e92-9847-8d42993f5935",
              "isHook": false,
              "skipped": false
            },
            {
              "title": "should drag item to target",
              "fullTitle": "Drag and Drop with Native Events should drag item to target",
              "timedOut": null,
              "duration": 845,
              "state": "failed",
              "speed": null,
              "pass": false,
              "fail": true,
              "pending": false,
              "context": null,
              "code": "cy.visit('https://testkru.com/Interactions/DragAndDrop');\ntriggerDragAndDrop('#box2', '#dropZone1');",
              "err": {
                "message": "TypeError: The following error originated from your application code, not from Cypress.\n\n  > Cannot read properties of undefined (reading 'getData')\n\nWhen Cypress detects uncaught errors originating from your application it will automatically fail the current test.\n\nThis behavior is configurable, and you can choose to turn this off by listening to the `uncaught:exception` event.\n\nhttps://on.cypress.io/uncaught-exception-from-application",
                "estack": "TypeError: The following error originated from your application code, not from Cypress.\n\n  > Cannot read properties of undefined (reading 'getData')\n\nWhen Cypress detects uncaught errors originating from your application it will automatically fail the current test.\n\nThis behavior is configurable, and you can choose to turn this off by listening to the `uncaught:exception` event.\n\nhttps://on.cypress.io/uncaught-exception-from-application\n    at dragEnd (https://testkru.com/Interactions/DragAndDrop:245:50)\n    at HTMLDivElement.ondragend (https://testkru.com/Interactions/DragAndDrop:194:106)\n    at dispatch (https://testkru.com/__cypress/runner/cypress_runner.js:117142:17)\n    at onReady (https://testkru.com/__cypress/runner/cypress_runner.js:117248:20)\n    at runAllChecks (https://testkru.com/__cypress/runner/cypress_runner.js:115564:14)\n    at retryActionability (https://testkru.com/__cypress/runner/cypress_runner.js:115586:16)\n    at tryCatcher (https://testkru.com/__cypress/runner/cypress_runner.js:1777:23)\n    at Promise.attempt.Promise.try (https://testkru.com/__cypress/runner/cypress_runner.js:4285:29)\n    at whenStable (https://testkru.com/__cypress/runner/cypress_runner.js:152023:68)\n    at <unknown> (https://testkru.com/__cypress/runner/cypress_runner.js:151964:14)",
                "diff": null
              },
              "uuid": "19b2c97a-4c9b-4c72-bd68-06a90dc6a20a",
              "parentUUID": "fb4bb07a-d746-4e92-9847-8d42993f5935",
              "isHook": false,
              "skipped": false
            }
          ],
          "suites": [],
          "passes": [
            "c9db7439-1da1-42eb-8fa6-600c5a57c760"
          ],
          "failures": [
            "19b2c97a-4c9b-4c72-bd68-06a90dc6a20a"
          ],
          "pending": [],
          "skipped": [],
          "duration": 6807,
          "root": false,
          "rootEmpty": false,
          "_timeout": 2000
        }
      ],
      "passes": [
        "12a2b158-01b5-4969-8c51-5dc57006e5a2",
        "4ba8880a-b1a6-4081-8737-a48a23b7d52d",
        "22331f67-7e35-461e-b8e8-5aae95f31a94",
        "38cca1e0-b1eb-4489-9bfc-f3004ee4030c"
      ],
      "failures": [],
      "pending": [],
      "skipped": [],
      "duration": 8255,
      "root": true,
      "rootEmpty": false,
      "_timeout": 2000
    },
    {
      "uuid": "b0d92c36-e096-4c8b-9504-d2109424cc15",
      "title": "",
      "fullFile": "cypress\\e2e\\multipleActions1.cy.js",
      "file": "cypress\\e2e\\multipleActions1.cy.js",
      "beforeHooks": [],
      "afterHooks": [],
      "tests": [
        {
          "title": "Reading Files using Fixtures",
          "fullTitle": "Reading Files using Fixtures",
          "timedOut": null,
          "duration": 35,
          "state": "passed",
          "speed": "fast",
          "pass": true,
          "fail": false,
          "pending": false,
          "context": null,
          "code": "cy.fixture('example.json').then(data => {\n  cy.log(data.name);\n});",
          "err": {},
          "uuid": "fb7236d0-8923-4d24-a1d9-bb4dcb546a1a",
          "parentUUID": "b0d92c36-e096-4c8b-9504-d2109424cc15",
          "isHook": false,
          "skipped": false
        },
        {
          "title": "Reading File using read File method",
          "fullTitle": "Reading File using read File method",
          "timedOut": null,
          "duration": 40,
          "state": "passed",
          "speed": "fast",
          "pass": true,
          "fail": false,
          "pending": false,
          "context": null,
          "code": "cy.readFile('./cypress/fixtures/example.json').then(data_read => {\n  cy.log(data_read.email);\n});",
          "err": {},
          "uuid": "1ad3537f-d131-46f3-aec2-ddb4adcd4536",
          "parentUUID": "b0d92c36-e096-4c8b-9504-d2109424cc15",
          "isHook": false,
          "skipped": false
        },
        {
          "title": "Writing some text in a File",
          "fullTitle": "Writing some text in a File",
          "timedOut": null,
          "duration": 21,
          "state": "passed",
          "speed": "fast",
          "pass": true,
          "fail": false,
          "pending": false,
          "context": null,
          "code": "cy.writeFile('./cypress/fixtures/written.txt', 'This is Akhila learning basic Cypress\\n Life is good and all is well. \\n I am joining a new company as a Lead QA Engineer on March 3rd 2026 with a pay of 170,000 CAD. \\r The position is fully remote and is very safe with all the benefits.');",
          "err": {},
          "uuid": "1f0a37e1-e25e-4d9e-bbca-ff03aaf6b8c8",
          "parentUUID": "b0d92c36-e096-4c8b-9504-d2109424cc15",
          "isHook": false,
          "skipped": false
        },
        {
          "title": "Downloading files",
          "fullTitle": "Downloading files",
          "timedOut": null,
          "duration": 11714,
          "state": "passed",
          "speed": "slow",
          "pass": true,
          "fail": false,
          "pending": false,
          "context": null,
          "code": "cy.visit('https://testkru.com/Elements/Files');\nconst downloadsFolder = Cypress.config('downloadsFolder');\n// const fileName = 'plant_image.jpg';\n// const filePath = `${downloadsFolder}/${fileName}`;\n// 3. Click the button\ncy.contains('Download Now').click();\n// 4. Verify file exists in the folder\n// Note: It's best to allow a few seconds for the download to complete\ncy.readFile(`${downloadsFolder}/plant_image.jpg`, {\n  timeout: 10000\n}).should('exist');\ncy.wait(5000);\ncy.contains('File 1').click();\ncy.readFile(`${downloadsFolder}/codekru.png`, {\n  timeout: 10000\n}).should('exist');",
          "err": {},
          "uuid": "fd56835f-b4cd-440a-a8f9-a21dfb82efcf",
          "parentUUID": "b0d92c36-e096-4c8b-9504-d2109424cc15",
          "isHook": false,
          "skipped": false
        }
      ],
      "suites": [
        {
          "uuid": "d7e0aebb-61d6-4c64-a8bf-8646c45e68c0",
          "title": "File Upload",
          "fullFile": "",
          "file": "",
          "beforeHooks": [],
          "afterHooks": [],
          "tests": [
            {
              "title": "uploads multiple files",
              "fullTitle": "File Upload uploads multiple files",
              "timedOut": null,
              "duration": 796,
              "state": "passed",
              "speed": "fast",
              "pass": true,
              "fail": false,
              "pending": false,
              "context": null,
              "code": "// Visit the page with the file input\ncy.visit('https://testkru.com/Elements/Files');\n// Select the file input element and upload multiple files\ncy.get('input[id=\"multiFileUpload\"]').selectFile(['C:/Users/akhil/OneDrive/Pictures/Screenshots/Screenshot 2025-10-25 235119.png',\n// First file\n'C:/Users/akhil/OneDrive/Pictures/Screenshots/Screenshot 2025-10-25 234126.png' // Second file\n], {\n  action: 'select'\n} // or 'drag-drop'\n);\n// Optional: Assert that files are attached\n// cy.get('input[type=\"file\"]')[0].files.length.should('eq', 2);",
              "err": {},
              "uuid": "31ebbe41-9782-468b-a6b3-0789c71eefd8",
              "parentUUID": "d7e0aebb-61d6-4c64-a8bf-8646c45e68c0",
              "isHook": false,
              "skipped": false
            },
            {
              "title": "uploads single file",
              "fullTitle": "File Upload uploads single file",
              "timedOut": null,
              "duration": 622,
              "state": "passed",
              "speed": "fast",
              "pass": true,
              "fail": false,
              "pending": false,
              "context": null,
              "code": "cy.visit('https://testkru.com/Elements/Files');\ncy.get('input[id=\"singleFileUpload\"]').selectFile('C:/Users/akhil/OneDrive/Pictures/Happy Diwali.jpeg', {\n  action: 'select'\n});\n// cy.get('input[id=\"singleFileUpload\"]').files.length.should('eq',1)",
              "err": {},
              "uuid": "8b6b229a-50d6-44b9-886d-c81e89839662",
              "parentUUID": "d7e0aebb-61d6-4c64-a8bf-8646c45e68c0",
              "isHook": false,
              "skipped": false
            }
          ],
          "suites": [],
          "passes": [
            "31ebbe41-9782-468b-a6b3-0789c71eefd8",
            "8b6b229a-50d6-44b9-886d-c81e89839662"
          ],
          "failures": [],
          "pending": [],
          "skipped": [],
          "duration": 1418,
          "root": false,
          "rootEmpty": false,
          "_timeout": 2000
        },
        {
          "uuid": "9b859536-e5e4-498f-a224-91d43bb14fe6",
          "title": "Drag and Drop with Native Events",
          "fullFile": "",
          "file": "",
          "beforeHooks": [],
          "afterHooks": [],
          "tests": [
            {
              "title": "Mouse Events",
              "fullTitle": "Drag and Drop with Native Events Mouse Events",
              "timedOut": null,
              "duration": 6069,
              "state": "passed",
              "speed": "medium",
              "pass": true,
              "fail": false,
              "pending": false,
              "context": null,
              "code": "cy.wait(5000);\ncy.get('#box1').drag('#dropZone1');",
              "err": {},
              "uuid": "9496885c-0e8c-406b-84cc-4dda75d3c035",
              "parentUUID": "9b859536-e5e4-498f-a224-91d43bb14fe6",
              "isHook": false,
              "skipped": false
            }
          ],
          "suites": [],
          "passes": [
            "9496885c-0e8c-406b-84cc-4dda75d3c035"
          ],
          "failures": [],
          "pending": [],
          "skipped": [],
          "duration": 6069,
          "root": false,
          "rootEmpty": false,
          "_timeout": 2000
        }
      ],
      "passes": [
        "fb7236d0-8923-4d24-a1d9-bb4dcb546a1a",
        "1ad3537f-d131-46f3-aec2-ddb4adcd4536",
        "1f0a37e1-e25e-4d9e-bbca-ff03aaf6b8c8",
        "fd56835f-b4cd-440a-a8f9-a21dfb82efcf"
      ],
      "failures": [],
      "pending": [],
      "skipped": [],
      "duration": 11810,
      "root": true,
      "rootEmpty": false,
      "_timeout": 2000
    },
    {
      "uuid": "e0ec2404-359d-4807-b196-6f9370b2b4d7",
      "title": "",
      "fullFile": "cypress\\e2e\\multipleActions1.cy.js",
      "file": "cypress\\e2e\\multipleActions1.cy.js",
      "beforeHooks": [],
      "afterHooks": [],
      "tests": [
        {
          "title": "Reading Files using Fixtures",
          "fullTitle": "Reading Files using Fixtures",
          "timedOut": null,
          "duration": 40,
          "state": "passed",
          "speed": "fast",
          "pass": true,
          "fail": false,
          "pending": false,
          "context": null,
          "code": "cy.fixture('example.json').then(data => {\n  cy.log(data.name);\n});",
          "err": {},
          "uuid": "c449248f-b1ba-495f-97e8-a734d5bf375f",
          "parentUUID": "e0ec2404-359d-4807-b196-6f9370b2b4d7",
          "isHook": false,
          "skipped": false
        },
        {
          "title": "Reading File using read File method",
          "fullTitle": "Reading File using read File method",
          "timedOut": null,
          "duration": 48,
          "state": "passed",
          "speed": "fast",
          "pass": true,
          "fail": false,
          "pending": false,
          "context": null,
          "code": "cy.readFile('./cypress/fixtures/example.json').then(data_read => {\n  cy.log(data_read.email);\n});",
          "err": {},
          "uuid": "fd409407-649a-4ba9-9586-3fe5c7f2fef9",
          "parentUUID": "e0ec2404-359d-4807-b196-6f9370b2b4d7",
          "isHook": false,
          "skipped": false
        },
        {
          "title": "Writing some text in a File",
          "fullTitle": "Writing some text in a File",
          "timedOut": null,
          "duration": 27,
          "state": "passed",
          "speed": "fast",
          "pass": true,
          "fail": false,
          "pending": false,
          "context": null,
          "code": "cy.writeFile('./cypress/fixtures/written.txt', 'This is Akhila learning basic Cypress\\n Life is good and all is well. \\n I am joining a new company as a Lead QA Engineer on March 3rd 2026 with a pay of 170,000 CAD. \\r The position is fully remote and is very safe with all the benefits.');",
          "err": {},
          "uuid": "793570de-c9b7-4817-a16f-e93dbd892a40",
          "parentUUID": "e0ec2404-359d-4807-b196-6f9370b2b4d7",
          "isHook": false,
          "skipped": false
        },
        {
          "title": "Downloading files",
          "fullTitle": "Downloading files",
          "timedOut": null,
          "duration": 8230,
          "state": "passed",
          "speed": "medium",
          "pass": true,
          "fail": false,
          "pending": false,
          "context": null,
          "code": "cy.visit('https://testkru.com/Elements/Files');\nconst downloadsFolder = Cypress.config('downloadsFolder');\n// const fileName = 'plant_image.jpg';\n// const filePath = `${downloadsFolder}/${fileName}`;\n// 3. Click the button\ncy.contains('Download Now').click();\n// 4. Verify file exists in the folder\n// Note: It's best to allow a few seconds for the download to complete\ncy.readFile(`${downloadsFolder}/plant_image.jpg`, {\n  timeout: 10000\n}).should('exist');\ncy.wait(5000);\ncy.contains('File 1').click();\ncy.readFile(`${downloadsFolder}/codekru.png`, {\n  timeout: 10000\n}).should('exist');",
          "err": {},
          "uuid": "757fb98a-8993-406c-b93a-acfc90a1dadc",
          "parentUUID": "e0ec2404-359d-4807-b196-6f9370b2b4d7",
          "isHook": false,
          "skipped": false
        }
      ],
      "suites": [
        {
          "uuid": "3a9583ed-007f-4be7-b3c9-b268687f1981",
          "title": "File Upload",
          "fullFile": "",
          "file": "",
          "beforeHooks": [],
          "afterHooks": [],
          "tests": [
            {
              "title": "uploads multiple files",
              "fullTitle": "File Upload uploads multiple files",
              "timedOut": null,
              "duration": 474,
              "state": "passed",
              "speed": "fast",
              "pass": true,
              "fail": false,
              "pending": false,
              "context": null,
              "code": "// Visit the page with the file input\ncy.visit('https://testkru.com/Elements/Files');\n// Select the file input element and upload multiple files\ncy.get('input[id=\"multiFileUpload\"]').selectFile(['C:/Users/akhil/OneDrive/Pictures/Screenshots/Screenshot 2025-10-25 235119.png',\n// First file\n'C:/Users/akhil/OneDrive/Pictures/Screenshots/Screenshot 2025-10-25 234126.png' // Second file\n], {\n  action: 'select'\n} // or 'drag-drop'\n);\n// Optional: Assert that files are attached\n// cy.get('input[type=\"file\"]')[0].files.length.should('eq', 2);",
              "err": {},
              "uuid": "56b59a51-53e8-4bac-bee1-4005dc807304",
              "parentUUID": "3a9583ed-007f-4be7-b3c9-b268687f1981",
              "isHook": false,
              "skipped": false
            },
            {
              "title": "uploads single file",
              "fullTitle": "File Upload uploads single file",
              "timedOut": null,
              "duration": 451,
              "state": "passed",
              "speed": "fast",
              "pass": true,
              "fail": false,
              "pending": false,
              "context": null,
              "code": "cy.visit('https://testkru.com/Elements/Files');\ncy.get('input[id=\"singleFileUpload\"]').selectFile('C:/Users/akhil/OneDrive/Pictures/Happy Diwali.jpeg', {\n  action: 'select'\n});\n// cy.get('input[id=\"singleFileUpload\"]').files.length.should('eq',1)",
              "err": {},
[...]
              "isHook": false,
              "skipped": false
            }
          ],
          "suites": [],
          "passes": [
            "b34aae43-d9d1-44b6-9ab0-c3e2fc4d3e01"
          ],
          "failures": [
            "1478fe21-7e62-4ada-a996-5d647752a97a"
          ],
          "pending": [],
          "skipped": [],
          "duration": 6665,
          "root": false,
          "rootEmpty": false,
          "_timeout": 2000
        }
      ],
      "passes": [
        "4ea5eadc-9546-489d-8883-3a84d612aab4",
        "e6f43cb4-45c0-40fb-ad94-78e6aa2de934",
        "ce57d841-cd79-4fca-88d7-4e5b28977d89",
        "23951109-43a4-49bd-ada4-b8eb28c70000"
      ],
      "failures": [],
      "pending": [],
      "skipped": [],
      "duration": 11794,
      "root": true,
      "rootEmpty": false,
      "_timeout": 2000
    },
    {
      "uuid": "aa7d3cf2-957c-47ed-ae72-0bbd6b9c6277",
      "title": "",
      "fullFile": "cypress\\e2e\\multipleActions1.cy.js",
      "file": "cypress\\e2e\\multipleActions1.cy.js",
      "beforeHooks": [],
      "afterHooks": [],
      "tests": [
        {
          "title": "Reading Files using Fixtures",
          "fullTitle": "Reading Files using Fixtures",
          "timedOut": null,
          "duration": 70,
          "state": "passed",
          "speed": "fast",
          "pass": true,
          "fail": false,
          "pending": false,
          "context": null,
          "code": "cy.fixture('example.json').then(data => {\n  cy.log(data.name);\n});",
          "err": {},
          "uuid": "43a58c7e-f8be-4d4b-8dfb-94888d580bac",
          "parentUUID": "aa7d3cf2-957c-47ed-ae72-0bbd6b9c6277",
          "isHook": false,
          "skipped": false
        },
        {
          "title": "Reading File using read File method",
          "fullTitle": "Reading File using read File method",
          "timedOut": null,
          "duration": 47,
          "state": "passed",
          "speed": "fast",
          "pass": true,
          "fail": false,
          "pending": false,
          "context": null,
          "code": "cy.readFile('./cypress/fixtures/example.json').then(data_read => {\n  cy.log(data_read.email);\n});",
          "err": {},
          "uuid": "e3ff1ecc-1885-406b-b151-796be1a4365f",
          "parentUUID": "aa7d3cf2-957c-47ed-ae72-0bbd6b9c6277",
          "isHook": false,
          "skipped": false
        },
        {
          "title": "Writing some text in a File",
          "fullTitle": "Writing some text in a File",
          "timedOut": null,
          "duration": 27,
          "state": "passed",
          "speed": "fast",
          "pass": true,
          "fail": false,
          "pending": false,
          "context": null,
          "code": "cy.writeFile('./cypress/fixtures/written.txt', 'This is Akhila learning basic Cypress\\n Life is good and all is well. \\n I am joining a new company as a Lead QA Engineer on March 3rd 2026 with a pay of 170,000 CAD. \\r The position is fully remote and is very safe with all the benefits.');",
          "err": {},
          "uuid": "f52d1993-380d-4173-85fc-bff42324d56a",
          "parentUUID": "aa7d3cf2-957c-47ed-ae72-0bbd6b9c6277",
          "isHook": false,
          "skipped": false
        },
        {
          "title": "Downloading files",
          "fullTitle": "Downloading files",
          "timedOut": null,
          "duration": 7012,
          "state": "passed",
          "speed": "medium",
          "pass": true,
          "fail": false,
          "pending": false,
          "context": null,
          "code": "cy.visit('https://testkru.com/Elements/Files');\nconst downloadsFolder = Cypress.config('downloadsFolder');\n// const fileName = 'plant_image.jpg';\n// const filePath = `${downloadsFolder}/${fileName}`;\n// 3. Click the button\ncy.contains('Download Now').click();\n// 4. Verify file exists in the folder\n// Note: It's best to allow a few seconds for the download to complete\ncy.readFile(`${downloadsFolder}/plant_image.jpg`, {\n  timeout: 10000\n}).should('exist');\ncy.wait(5000);\ncy.contains('File 1').click();\ncy.readFile(`${downloadsFolder}/codekru.png`, {\n  timeout: 10000\n}).should('exist');",
          "err": {},
          "uuid": "dc9f2cb5-26e7-4eb1-9770-d25add16fa7b",
          "parentUUID": "aa7d3cf2-957c-47ed-ae72-0bbd6b9c6277",
          "isHook": false,
          "skipped": false
        }
      ],
      "suites": [
        {
          "uuid": "9fb0733d-1335-42f5-a692-ddecc9a74467",
          "title": "File Upload",
          "fullFile": "",
          "file": "",
          "beforeHooks": [],
          "afterHooks": [],
          "tests": [
            {
              "title": "uploads multiple files",
              "fullTitle": "File Upload uploads multiple files",
              "timedOut": null,
              "duration": 575,
              "state": "passed",
              "speed": "fast",
              "pass": true,
              "fail": false,
              "pending": false,
              "context": null,
              "code": "// Visit the page with the file input\ncy.visit('https://testkru.com/Elements/Files');\n// Select the file input element and upload multiple files\ncy.get('input[id=\"multiFileUpload\"]').selectFile(['C:/Users/akhil/OneDrive/Pictures/Screenshots/Screenshot 2025-10-25 235119.png',\n// First file\n'C:/Users/akhil/OneDrive/Pictures/Screenshots/Screenshot 2025-10-25 234126.png' // Second file\n], {\n  action: 'select'\n} // or 'drag-drop'\n);\n// Optional: Assert that files are attached\n// cy.get('input[type=\"file\"]')[0].files.length.should('eq', 2);",
              "err": {},
              "uuid": "37e3551b-5fbd-4319-b515-d5fe7fdf43d1",
              "parentUUID": "9fb0733d-1335-42f5-a692-ddecc9a74467",
              "isHook": false,
              "skipped": false
            },
            {
              "title": "uploads single file",
              "fullTitle": "File Upload uploads single file",
              "timedOut": null,
              "duration": 508,
              "state": "passed",
              "speed": "fast",
              "pass": true,
              "fail": false,
              "pending": false,
              "context": null,
              "code": "cy.visit('https://testkru.com/Elements/Files');\ncy.get('input[id=\"singleFileUpload\"]').selectFile('C:/Users/akhil/OneDrive/Pictures/Happy Diwali.jpeg', {\n  action: 'select'\n});\n// cy.get('input[id=\"singleFileUpload\"]').files.length.should('eq',1)",
              "err": {},
              "uuid": "ea9841c4-3976-43e3-b6d1-7afe4166c801",
              "parentUUID": "9fb0733d-1335-42f5-a692-ddecc9a74467",
              "isHook": false,
              "skipped": false
            }
          ],
          "suites": [],
          "passes": [
            "37e3551b-5fbd-4319-b515-d5fe7fdf43d1",
            "ea9841c4-3976-43e3-b6d1-7afe4166c801"
          ],
          "failures": [],
          "pending": [],
          "skipped": [],
          "duration": 1083,
          "root": false,
          "rootEmpty": false,
          "_timeout": 2000
        },
        {
          "uuid": "7ed23673-1818-4b21-88d5-6ac4a4fed592",
          "title": "Drag and Drop with Native Events",
          "fullFile": "",
          "file": "",
          "beforeHooks": [],
          "afterHooks": [],
          "tests": [
            {
              "title": "Mouse Events",
              "fullTitle": "Drag and Drop with Native Events Mouse Events",
              "timedOut": null,
              "duration": 5761,
              "state": "passed",
              "speed": "medium",
              "pass": true,
              "fail": false,
              "pending": false,
              "context": null,
              "code": "cy.wait(5000);\ncy.get('#box1').drag('#dropZone1');",
              "err": {},
              "uuid": "415ebd4e-2bd9-4968-8232-5680483749e6",
              "parentUUID": "7ed23673-1818-4b21-88d5-6ac4a4fed592",
              "isHook": false,
              "skipped": false
            }
          ],
          "suites": [],
          "passes": [
            "415ebd4e-2bd9-4968-8232-5680483749e6"
          ],
          "failures": [],
          "pending": [],
          "skipped": [],
          "duration": 5761,
          "root": false,
          "rootEmpty": false,
          "_timeout": 2000
        }
      ],
      "passes": [
        "43a58c7e-f8be-4d4b-8dfb-94888d580bac",
        "e3ff1ecc-1885-406b-b151-796be1a4365f",
        "f52d1993-380d-4173-85fc-bff42324d56a",
        "dc9f2cb5-26e7-4eb1-9770-d25add16fa7b"
      ],
      "failures": [],
      "pending": [],
      "skipped": [],
      "duration": 7156,
      "root": true,
      "rootEmpty": false,
      "_timeout": 2000
    },
    {
      "uuid": "f5d1093b-978c-4bf7-a05b-b4bc38b9939f",
      "title": "",
      "fullFile": "cypress\\e2e\\multipleActions.cy.js",
      "file": "cypress\\e2e\\multipleActions.cy.js",
      "beforeHooks": [],
      "afterHooks": [],
      "tests": [
        {
          "title": "Reading Files using Fixtures",
          "fullTitle": "Reading Files using Fixtures",
          "timedOut": null,
          "duration": 58,
          "state": "passed",
          "speed": "fast",
          "pass": true,
          "fail": false,
          "pending": false,
          "context": null,
          "code": "cy.fixture('example.json').then(data => {\n  cy.log(data.name);\n});",
          "err": {},
          "uuid": "4ea5eadc-9546-489d-8883-3a84d612aab4",
          "parentUUID": "f5d1093b-978c-4bf7-a05b-b4bc38b9939f",
          "isHook": false,
          "skipped": false
        },
        {
          "title": "Reading File using read File method",
          "fullTitle": "Reading File using read File method",
          "timedOut": null,
          "duration": 80,
          "state": "passed",
          "speed": "fast",
          "pass": true,
          "fail": false,
          "pending": false,
          "context": null,
          "code": "cy.readFile('./cypress/fixtures/example.json').then(data_read => {\n  cy.log(data_read.email);\n});",
          "err": {},
          "uuid": "e6f43cb4-45c0-40fb-ad94-78e6aa2de934",
          "parentUUID": "f5d1093b-978c-4bf7-a05b-b4bc38b9939f",
          "isHook": false,
          "skipped": false
        },
        {
          "title": "Writing some text in a File",
          "fullTitle": "Writing some text in a File",
          "timedOut": null,
          "duration": 35,
          "state": "passed",
          "speed": "fast",
          "pass": true,
          "fail": false,
          "pending": false,
          "context": null,
          "code": "cy.writeFile('./cypress/fixtures/written.txt', 'This is Akhila learning basic Cypress\\n Life is good and all is well. \\n I am joining a new company as a Lead QA Engineer on March 3rd 2026 with a pay of 170,000 CAD. \\r The position is fully remote and is very safe with all the benefits.');",
          "err": {},
          "uuid": "ce57d841-cd79-4fca-88d7-4e5b28977d89",
          "parentUUID": "f5d1093b-978c-4bf7-a05b-b4bc38b9939f",
          "isHook": false,
          "skipped": false
        },
        {
          "title": "Downloading files",
          "fullTitle": "Downloading files",
          "timedOut": null,
          "duration": 11621,
          "state": "passed",
          "speed": "slow",
          "pass": true,
          "fail": false,
          "pending": false,
          "context": null,
          "code": "cy.visit('https://testkru.com/Elements/Files');\nconst downloadsFolder = Cypress.config('downloadsFolder');\n// const fileName = 'plant_image.jpg';\n// const filePath = `${downloadsFolder}/${fileName}`;\n// 3. Click the button\ncy.contains('Download Now').click();\n// 4. Verify file exists in the folder\n// Note: It's best to allow a few seconds for the download to complete\ncy.readFile(`${downloadsFolder}/plant_image.jpg`, {\n  timeout: 10000\n}).should('exist');\ncy.wait(5000);\ncy.contains('File 1').click();\ncy.readFile(`${downloadsFolder}/codekru.png`, {\n  timeout: 10000\n}).should('exist');",
          "err": {},
          "uuid": "23951109-43a4-49bd-ada4-b8eb28c70000",
          "parentUUID": "f5d1093b-978c-4bf7-a05b-b4bc38b9939f",
          "isHook": false,
          "skipped": false
        }
      ],
      "suites": [
        {
          "uuid": "f255411b-20fd-41ba-8ea9-eac1b587842b",
          "title": "File Upload",
          "fullFile": "",
          "file": "",
          "beforeHooks": [],
          "afterHooks": [],
          "tests": [
            {
              "title": "uploads multiple files",
              "fullTitle": "File Upload uploads multiple files",
              "timedOut": null,
              "duration": 554,
              "state": "passed",
              "speed": "fast",
              "pass": true,
              "fail": false,
              "pending": false,
              "context": null,
              "code": "// Visit the page with the file input\ncy.visit('https://testkru.com/Elements/Files');\n// Select the file input element and upload multiple files\ncy.get('input[id=\"multiFileUpload\"]').selectFile(['C:/Users/akhil/OneDrive/Pictures/Screenshots/Screenshot 2025-10-25 235119.png',\n// First file\n'C:/Users/akhil/OneDrive/Pictures/Screenshots/Screenshot 2025-10-25 234126.png' // Second file\n], {\n  action: 'select'\n} // or 'drag-drop'\n);\n// Optional: Assert that files are attached\n// cy.get('input[type=\"file\"]')[0].files.length.should('eq', 2);",
              "err": {},
              "uuid": "298ef730-a58f-43f5-b036-519a50d06a09",
              "parentUUID": "f255411b-20fd-41ba-8ea9-eac1b587842b",
              "isHook": false,
              "skipped": false
            },
            {
              "title": "uploads single file",
              "fullTitle": "File Upload uploads single file",
              "timedOut": null,
              "duration": 478,
              "state": "passed",
              "speed": "fast",
              "pass": true,
              "fail": false,
              "pending": false,
              "context": null,
              "code": "cy.visit('https://testkru.com/Elements/Files');\ncy.get('input[id=\"singleFileUpload\"]').selectFile('C:/Users/akhil/OneDrive/Pictures/Happy Diwali.jpeg', {\n  action: 'select'\n});\n// cy.get('input[id=\"singleFileUpload\"]').files.length.should('eq',1)",
              "err": {},
              "uuid": "64dd10c1-a407-4e36-9f55-ae6e74152a7c",
              "parentUUID": "f255411b-20fd-41ba-8ea9-eac1b587842b",
              "isHook": false,
              "skipped": false
            }
          ],
          "suites": [],
          "passes": [
            "298ef730-a58f-43f5-b036-519a50d06a09",
            "64dd10c1-a407-4e36-9f55-ae6e74152a7c"
          ],
          "failures": [],
          "pending": [],
          "skipped": [],
          "duration": 1032,
          "root": false,
          "rootEmpty": false,
          "_timeout": 2000
        },
        {
          "uuid": "ba09ba96-6de5-42a9-ad57-e73a6ae1e5a0",
          "title": "Drag and Drop with Native Events",
          "fullFile": "",
          "file": "",
          "beforeHooks": [],
          "afterHooks": [],
          "tests": [
            {
              "title": "Mouse Events",
              "fullTitle": "Drag and Drop with Native Events Mouse Events",
              "timedOut": null,
              "duration": 5818,
              "state": "passed",
              "speed": "medium",
              "pass": true,
              "fail": false,
              "pending": false,
              "context": null,
              "code": "cy.wait(5000);\ncy.get('#box1').drag('#dropZone1');",
              "err": {},
              "uuid": "b34aae43-d9d1-44b6-9ab0-c3e2fc4d3e01",
              "parentUUID": "ba09ba96-6de5-42a9-ad57-e73a6ae1e5a0",
              "isHook": false,
              "skipped": false
            },
            {
              "title": "should drag item to target",
              "fullTitle": "Drag and Drop with Native Events should drag item to target",
              "timedOut": null,
              "duration": 847,
              "state": "failed",
              "speed": null,
              "pass": false,
              "fail": true,
              "pending": false,
              "context": null,
              "code": "cy.visit('https://testkru.com/Interactions/DragAndDrop');\ntriggerDragAndDrop('#box2', '#dropZone1');",
              "err": {
                "message": "TypeError: The following error originated from your application code, not from Cypress.\n\n  > Cannot read properties of undefined (reading 'getData')\n\nWhen Cypress detects uncaught errors originating from your application it will automatically fail the current test.\n\nThis behavior is configurable, and you can choose to turn this off by listening to the `uncaught:exception` event.\n\nhttps://on.cypress.io/uncaught-exception-from-application",
                "estack": "TypeError: The following error originated from your application code, not from Cypress.\n\n  > Cannot read properties of undefined (reading 'getData')\n\nWhen Cypress detects uncaught errors originating from your application it will automatically fail the current test.\n\nThis behavior is configurable, and you can choose to turn this off by listening to the `uncaught:exception` event.\n\nhttps://on.cypress.io/uncaught-exception-from-application\n    at dragEnd (https://testkru.com/Interactions/DragAndDrop:245:50)\n    at HTMLDivElement.ondragend (https://testkru.com/Interactions/DragAndDrop:194:106)\n    at dispatch (https://testkru.com/__cypress/runner/cypress_runner.js:117142:17)\n    at onReady (https://testkru.com/__cypress/runner/cypress_runner.js:117248:20)\n    at runAllChecks (https://testkru.com/__cypress/runner/cypress_runner.js:115564:14)\n    at retryActionability (https://testkru.com/__cypress/runner/cypress_runner.js:115586:16)\n    at tryCatcher (https://testkru.com/__cypress/runner/cypress_runner.js:1777:23)\n    at Promise.attempt.Promise.try (https://testkru.com/__cypress/runner/cypress_runner.js:4285:29)\n    at whenStable (https://testkru.com/__cypress/runner/cypress_runner.js:152023:68)\n    at <unknown> (https://testkru.com/__cypress/runner/cypress_runner.js:151964:14)",
                "diff": null
              },
              "uuid": "1478fe21-7e62-4ada-a996-5d647752a97a",
              "parentUUID": "ba09ba96-6de5-42a9-ad57-e73a6ae1e5a0",
              "isHook": false,
              "skipped": false
            }
          ],
          "suites": [],
          "passes": [
            "b34aae43-d9d1-44b6-9ab0-c3e2fc4d3e01"
          ],
          "failures": [
            "1478fe21-7e62-4ada-a996-5d647752a97a"
          ],
          "pending": [],
          "skipped": [],
          "duration": 6665,
          "root": false,
          "rootEmpty": false,
          "_timeout": 2000
        }
      ],
      "passes": [
        "4ea5eadc-9546-489d-8883-3a84d612aab4",
        "e6f43cb4-45c0-40fb-ad94-78e6aa2de934",
        "ce57d841-cd79-4fca-88d7-4e5b28977d89",
        "23951109-43a4-49bd-ada4-b8eb28c70000"
      ],
      "failures": [],
      "pending": [],
      "skipped": [],
      "duration": 11794,
      "root": true,
      "rootEmpty": false,
      "_timeout": 2000
    }
  ],
  "meta": {
    "mocha": {
      "version": "7.2.0"
    },
    "mochawesome": {
      "options": {
        "quiet": false,
        "reportFilename": "mochawesome",
        "saveHtml": false,
        "saveJson": true,
        "consoleReporter": "spec",
        "useInlineDiffs": false,
        "code": true
      },
      "version": "7.1.4"
    },
    "marge": {
      "options": {
        "charts": true,
        "overwrite": false,
        "html": false,
        "json": true,
        "reportDir": "cypress/reports/2026-02-15_01-20-38",
        "reportFilename": "mochawesome",
        "testIsolation": false
      },
      "version": "6.3.2"
    }
  }
}