{
  "stats": {
    "suites": 2,
    "tests": 7,
    "passes": 7,
    "pending": 0,
    "failures": 0,
    "start": "2026-02-16T04:44:21.751Z",
    "end": "2026-02-16T04:44:37.612Z",
    "duration": 15861,
    "testsRegistered": 7,
    "passPercent": 100,
    "pendingPercent": 0,
    "other": 0,
    "hasOther": false,
    "skipped": 0,
    "hasSkipped": false
  },
  "results": [
    {
      "uuid": "aa7d3cf2-957c-47ed-ae72-0bbd6b9c6277",
      "title": "",
      "fullFile": "cypress\\e2e\\multipleActions1.cy.js",
      "file": "cypress\\e2e\\multipleActions1.cy.js",
      "beforeHooks": [],
      "afterHooks": [],
      "tests": [
        {
          "title": "Reading Files using Fixtures",
          "fullTitle": "Reading Files using Fixtures",
          "timedOut": null,
          "duration": 70,
          "state": "passed",
          "speed": "fast",
          "pass": true,
          "fail": false,
          "pending": false,
          "context": null,
          "code": "cy.fixture('example.json').then(data => {\n  cy.log(data.name);\n});",
          "err": {},
          "uuid": "43a58c7e-f8be-4d4b-8dfb-94888d580bac",
          "parentUUID": "aa7d3cf2-957c-47ed-ae72-0bbd6b9c6277",
          "isHook": false,
          "skipped": false
        },
        {
          "title": "Reading File using read File method",
          "fullTitle": "Reading File using read File method",
          "timedOut": null,
          "duration": 47,
          "state": "passed",
          "speed": "fast",
          "pass": true,
          "fail": false,
          "pending": false,
          "context": null,
          "code": "cy.readFile('./cypress/fixtures/example.json').then(data_read => {\n  cy.log(data_read.email);\n});",
          "err": {},
          "uuid": "e3ff1ecc-1885-406b-b151-796be1a4365f",
          "parentUUID": "aa7d3cf2-957c-47ed-ae72-0bbd6b9c6277",
          "isHook": false,
          "skipped": false
        },
        {
          "title": "Writing some text in a File",
          "fullTitle": "Writing some text in a File",
          "timedOut": null,
          "duration": 27,
          "state": "passed",
          "speed": "fast",
          "pass": true,
          "fail": false,
          "pending": false,
          "context": null,
          "code": "cy.writeFile('./cypress/fixtures/written.txt', 'This is Akhila learning basic Cypress\\n Life is good and all is well. \\n I am joining a new company as a Lead QA Engineer on March 3rd 2026 with a pay of 170,000 CAD. \\r The position is fully remote and is very safe with all the benefits.');",
          "err": {},
          "uuid": "f52d1993-380d-4173-85fc-bff42324d56a",
          "parentUUID": "aa7d3cf2-957c-47ed-ae72-0bbd6b9c6277",
          "isHook": false,
          "skipped": false
        },
        {
          "title": "Downloading files",
          "fullTitle": "Downloading files",
          "timedOut": null,
          "duration": 7012,
          "state": "passed",
          "speed": "medium",
          "pass": true,
          "fail": false,
          "pending": false,
          "context": null,
          "code": "cy.visit('https://testkru.com/Elements/Files');\nconst downloadsFolder = Cypress.config('downloadsFolder');\n// const fileName = 'plant_image.jpg';\n// const filePath = `${downloadsFolder}/${fileName}`;\n// 3. Click the button\ncy.contains('Download Now').click();\n// 4. Verify file exists in the folder\n// Note: It's best to allow a few seconds for the download to complete\ncy.readFile(`${downloadsFolder}/plant_image.jpg`, {\n  timeout: 10000\n}).should('exist');\ncy.wait(5000);\ncy.contains('File 1').click();\ncy.readFile(`${downloadsFolder}/codekru.png`, {\n  timeout: 10000\n}).should('exist');",
          "err": {},
          "uuid": "dc9f2cb5-26e7-4eb1-9770-d25add16fa7b",
          "parentUUID": "aa7d3cf2-957c-47ed-ae72-0bbd6b9c6277",
          "isHook": false,
          "skipped": false
        }
      ],
      "suites": [
        {
          "uuid": "9fb0733d-1335-42f5-a692-ddecc9a74467",
          "title": "File Upload",
          "fullFile": "",
          "file": "",
          "beforeHooks": [],
          "afterHooks": [],
          "tests": [
            {
              "title": "uploads multiple files",
              "fullTitle": "File Upload uploads multiple files",
              "timedOut": null,
              "duration": 575,
              "state": "passed",
              "speed": "fast",
              "pass": true,
              "fail": false,
              "pending": false,
              "context": null,
              "code": "// Visit the page with the file input\ncy.visit('https://testkru.com/Elements/Files');\n// Select the file input element and upload multiple files\ncy.get('input[id=\"multiFileUpload\"]').selectFile(['C:/Users/akhil/OneDrive/Pictures/Screenshots/Screenshot 2025-10-25 235119.png',\n// First file\n'C:/Users/akhil/OneDrive/Pictures/Screenshots/Screenshot 2025-10-25 234126.png' // Second file\n], {\n  action: 'select'\n} // or 'drag-drop'\n);\n// Optional: Assert that files are attached\n// cy.get('input[type=\"file\"]')[0].files.length.should('eq', 2);",
              "err": {},
              "uuid": "37e3551b-5fbd-4319-b515-d5fe7fdf43d1",
              "parentUUID": "9fb0733d-1335-42f5-a692-ddecc9a74467",
              "isHook": false,
              "skipped": false
            },
            {
              "title": "uploads single file",
              "fullTitle": "File Upload uploads single file",
              "timedOut": null,
              "duration": 508,
              "state": "passed",
              "speed": "fast",
              "pass": true,
              "fail": false,
              "pending": false,
              "context": null,
              "code": "cy.visit('https://testkru.com/Elements/Files');\ncy.get('input[id=\"singleFileUpload\"]').selectFile('C:/Users/akhil/OneDrive/Pictures/Happy Diwali.jpeg', {\n  action: 'select'\n});\n// cy.get('input[id=\"singleFileUpload\"]').files.length.should('eq',1)",
              "err": {},
              "uuid": "ea9841c4-3976-43e3-b6d1-7afe4166c801",
              "parentUUID": "9fb0733d-1335-42f5-a692-ddecc9a74467",
              "isHook": false,
              "skipped": false
            }
          ],
          "suites": [],
          "passes": [
            "37e3551b-5fbd-4319-b515-d5fe7fdf43d1",
            "ea9841c4-3976-43e3-b6d1-7afe4166c801"
          ],
          "failures": [],
          "pending": [],
          "skipped": [],
          "duration": 1083,
          "root": false,
          "rootEmpty": false,
          "_timeout": 2000
        },
        {
          "uuid": "7ed23673-1818-4b21-88d5-6ac4a4fed592",
          "title": "Drag and Drop with Native Events",
          "fullFile": "",
          "file": "",
          "beforeHooks": [],
          "afterHooks": [],
          "tests": [
            {
              "title": "Mouse Events",
              "fullTitle": "Drag and Drop with Native Events Mouse Events",
              "timedOut": null,
              "duration": 5761,
              "state": "passed",
              "speed": "medium",
              "pass": true,
              "fail": false,
              "pending": false,
              "context": null,
              "code": "cy.wait(5000);\ncy.get('#box1').drag('#dropZone1');",
              "err": {},
              "uuid": "415ebd4e-2bd9-4968-8232-5680483749e6",
              "parentUUID": "7ed23673-1818-4b21-88d5-6ac4a4fed592",
              "isHook": false,
              "skipped": false
            }
          ],
          "suites": [],
          "passes": [
            "415ebd4e-2bd9-4968-8232-5680483749e6"
          ],
          "failures": [],
          "pending": [],
          "skipped": [],
          "duration": 5761,
          "root": false,
          "rootEmpty": false,
          "_timeout": 2000
        }
      ],
      "passes": [
        "43a58c7e-f8be-4d4b-8dfb-94888d580bac",
        "e3ff1ecc-1885-406b-b151-796be1a4365f",
        "f52d1993-380d-4173-85fc-bff42324d56a",
        "dc9f2cb5-26e7-4eb1-9770-d25add16fa7b"
      ],
      "failures": [],
      "pending": [],
      "skipped": [],
      "duration": 7156,
      "root": true,
      "rootEmpty": false,
      "_timeout": 2000
    }
  ],
  "meta": {
    "mocha": {
      "version": "7.2.0"
    },
    "mochawesome": {
      "options": {
        "quiet": false,
        "reportFilename": "mochawesome",
        "saveHtml": false,
        "saveJson": true,
        "consoleReporter": "spec",
        "useInlineDiffs": false,
        "code": true
      },
      "version": "7.1.4"
    },
    "marge": {
      "options": {
        "charts": true,
        "overwrite": false,
        "html": false,
        "json": true,
        "reportDir": "cypress/reports/2026-02-15_22-43-43",
        "reportFilename": "mochawesome",
        "testIsolation": false
      },
      "version": "6.3.2"
    }
  }
}