{
  "stats": {
    "suites": 1,
    "tests": 3,
    "passes": 3,
    "pending": 0,
    "failures": 0,
    "start": "2026-02-16T06:09:03.586Z",
    "end": "2026-02-16T06:09:03.752Z",
    "duration": 166,
    "testsRegistered": 3,
    "passPercent": 100,
    "pendingPercent": 0,
    "other": 0,
    "hasOther": false,
    "skipped": 0,
    "hasSkipped": false
  },
  "results": [
    {
      "uuid": "70f0f21f-b419-4317-aab0-9bff02dd6591",
      "title": "",
      "fullFile": "cypress\\e2e\\fileHandling.cy.js",
      "file": "cypress\\e2e\\fileHandling.cy.js",
      "beforeHooks": [],
      "afterHooks": [],
      "tests": [],
      "suites": [
        {
          "uuid": "535b6a6c-5c45-462e-9c6e-a73a7efe2dbe",
          "title": "File Handling in Cypress",
          "fullFile": "",
          "file": "",
          "beforeHooks": [],
          "afterHooks": [],
          "tests": [
            {
              "title": "Reading Files using Fixtures",
              "fullTitle": "File Handling in Cypress Reading Files using Fixtures",
              "timedOut": null,
              "duration": 58,
              "state": "passed",
              "speed": "fast",
              "pass": true,
              "fail": false,
              "pending": false,
              "context": null,
              "code": "cy.fixture('example.json').then(data => {\n  cy.log(data.name);\n});",
              "err": {},
              "uuid": "30a621b9-2bca-4c51-8e25-f6f3393b1cc9",
              "parentUUID": "535b6a6c-5c45-462e-9c6e-a73a7efe2dbe",
              "isHook": false,
              "skipped": false
            },
            {
              "title": "Reading File using read File method",
              "fullTitle": "File Handling in Cypress Reading File using read File method",
              "timedOut": null,
              "duration": 41,
              "state": "passed",
              "speed": "fast",
              "pass": true,
              "fail": false,
              "pending": false,
              "context": null,
              "code": "cy.readFile('./cypress/fixtures/example.json').then(data_read => {\n  cy.log(data_read.email);\n});",
              "err": {},
              "uuid": "f839f428-b849-4c54-a769-1ae8d89273fd",
              "parentUUID": "535b6a6c-5c45-462e-9c6e-a73a7efe2dbe",
              "isHook": false,
              "skipped": false
            },
            {
              "title": "Writing some text in a File",
              "fullTitle": "File Handling in Cypress Writing some text in a File",
              "timedOut": null,
              "duration": 20,
              "state": "passed",
              "speed": "fast",
              "pass": true,
              "fail": false,
              "pending": false,
              "context": null,
              "code": "cy.writeFile('./cypress/fixtures/written.txt', 'This is Akhila learning basic Cypress\\n Life is good and all is well. \\n I am joining a new company as a Lead QA Engineer on March 3rd 2026 with a pay of 170,000 CAD. \\r The position is fully remote and is very safe with all the benefits.');",
              "err": {},
              "uuid": "9d00b170-fcb1-45f1-bddc-09b0047a3d00",
              "parentUUID": "535b6a6c-5c45-462e-9c6e-a73a7efe2dbe",
              "isHook": false,
              "skipped": false
            }
          ],
          "suites": [],
          "passes": [
            "30a621b9-2bca-4c51-8e25-f6f3393b1cc9",
            "f839f428-b849-4c54-a769-1ae8d89273fd",
            "9d00b170-fcb1-45f1-bddc-09b0047a3d00"
          ],
          "failures": [],
          "pending": [],
          "skipped": [],
          "duration": 119,
          "root": false,
          "rootEmpty": false,
          "_timeout": 2000
        }
      ],
      "passes": [],
      "failures": [],
      "pending": [],
      "skipped": [],
      "duration": 0,
      "root": true,
      "rootEmpty": true,
      "_timeout": 2000
    }
  ],
  "meta": {
    "mocha": {
      "version": "7.2.0"
    },
    "mochawesome": {
      "options": {
        "quiet": false,
        "reportFilename": "mochawesome",
        "saveHtml": false,
        "saveJson": true,
        "consoleReporter": "spec",
        "useInlineDiffs": false,
        "code": true
      },
      "version": "7.1.4"
    },
    "marge": {
      "options": {
        "charts": true,
        "overwrite": false,
        "html": false,
        "json": true,
        "reportDir": "cypress/reports/2026-02-16_00-08-29",
        "reportFilename": "mochawesome",
        "testIsolation": false
      },
      "version": "6.3.2"
    }
  }
}